2022 353  0  0   11.32   -7.86   -1.78  -307.2   -37.5    -3.7
2022 353  0  1   11.21   -7.85   -1.82  -311.1   -40.3    -2.4
2022 353  0  2   11.16   -7.68   -1.58  -328.2   -59.0     3.1
2022 353  0  3   11.35   -7.13   -2.37  -305.1   -38.6    -3.7
2022 353  0  4   11.73   -6.66   -2.35  -313.8   -45.4    -8.9
2022 353  0  5   12.94   -3.70   -2.88  -313.8   -30.6    -9.6
2022 353  0  6   10.52   -7.71   -2.54  -310.5   -21.8   -13.3
2022 353  0  7    5.90  -12.52   -0.08 99999.9 99999.9 99999.9
2022 353  0  8   11.76   -5.11   -3.02 99999.9 99999.9 99999.9
2022 353  0  9   11.65   -5.80   -2.34  -312.3   -39.1   -13.0
2022 353  0 10   11.33   -6.92   -2.30  -312.3   -39.1   -13.0
2022 353  0 11   13.18   -4.60   -2.46 99999.9 99999.9 99999.9
2022 353  0 12    9.02   -9.97   -0.91 99999.9 99999.9 99999.9
2022 353  0 13   12.17   -5.21   -2.93  -310.4   -36.0   -10.9
2022 353  0 14 9999.99 9999.99 9999.99  -330.6   -54.2     3.9
2022 353  0 15   13.65   -2.78   -4.25  -338.5   -61.4     9.7
2022 353  0 16   13.34   -2.58   -4.54 99999.9 99999.9 99999.9
2022 353  0 17   12.88   -5.03   -3.22  -320.8   -50.5    -9.9
2022 353  0 18   12.20   -7.72   -2.06  -320.8   -50.5    -9.9
2022 353  0 19   12.92   -6.24   -1.89  -320.8   -50.5    -9.9
2022 353  0 20   12.63   -6.83   -2.06  -318.3   -48.6   -11.6
2022 353  0 21   12.43   -7.45   -1.52  -318.3   -48.6   -11.6
2022 353  0 22   13.15   -5.52   -2.03  -318.3   -48.6   -11.6
2022 353  0 23   13.19   -5.87   -1.04  -311.1   -27.9    -6.5
2022 353  0 24   13.03   -6.40   -1.05  -311.1   -27.9    -6.5
2022 353  0 25   12.85   -6.77   -1.14 99999.9 99999.9 99999.9
2022 353  0 26   11.93   -7.75   -1.01  -321.4   -51.3   -11.4
2022 353  0 27   11.21   -8.59   -1.08  -317.3   -50.8    -4.9
2022 353  0 28   11.95   -7.91   -1.14  -316.4   -48.6    -3.7
2022 353  0 29   10.99   -8.66   -1.48 99999.9 99999.9 99999.9
2022 353  0 30   11.42   -8.32   -0.93  -316.5   -53.5     5.0
2022 353  0 31   10.60   -8.82   -0.95  -316.2   -52.8     1.6
2022 353  0 32   10.83   -8.62   -0.14  -315.6   -51.4    -2.6
2022 353  0 33   10.01   -9.05   -0.17  -317.0   -53.6     0.7
2022 353  0 34   10.06   -8.94   -0.18  -316.6   -48.0    -1.0
2022 353  0 35    9.98   -9.27   -1.78  -321.1   -50.9    -5.1
2022 353  0 36   10.42   -9.23   -1.27  -323.1   -50.9    -4.1
2022 353  0 37   10.33   -9.34   -1.21  -318.6   -45.0    -8.5
2022 353  0 38   10.53   -9.17   -0.72  -320.2   -38.1   -16.1
2022 353  0 39   10.41   -9.09   -1.37  -320.1   -45.7    -4.0
2022 353  0 40   10.40   -9.23   -0.28  -320.1   -45.7    -4.0
2022 353  0 41   10.65   -8.73   -0.86  -314.5   -43.5     1.3
2022 353  0 42   10.82   -8.61   -0.49  -314.5   -43.5     1.3
2022 353  0 43   12.50   -6.19   -2.25  -314.5   -43.5     1.3
2022 353  0 44   11.68   -7.84   -0.84 99999.9 99999.9 99999.9
2022 353  0 45   11.68   -7.84   -0.84 99999.9 99999.9 99999.9
2022 353  0 46   11.21   -8.47   -0.99 99999.9 99999.9 99999.9
2022 353  0 47   11.21   -8.47   -0.99 99999.9 99999.9 99999.9
2022 353  0 48    8.14  -11.44    0.15  -323.5   -47.8    -7.9
2022 353  0 49    9.42  -10.26   -0.49  -322.4   -46.6    -7.4
2022 353  0 50   10.21   -9.32   -0.05  -313.7   -36.9    -3.1
2022 353  0 51    9.11  -10.31   -0.93  -323.3   -40.7    -4.6
2022 353  0 52    9.86   -9.72   -0.93  -318.3   -37.2    -3.3
2022 353  0 53    9.86   -9.58   -1.72  -314.4   -36.2   -11.3
2022 353  0 54   10.55   -8.96   -2.32  -311.1   -33.6   -13.0
2022 353  0 55   11.15   -8.29   -3.65  -307.2   -29.8   -11.6
2022 353  0 56    8.74  -10.42   -0.33  -330.8   -45.7    -1.6
2022 353  0 57    7.34  -11.55    0.07  -324.9   -41.9    -6.6
2022 353  0 58    7.48  -11.47   -1.65  -325.4   -44.4    -8.0
2022 353  0 59    8.12  -11.05   -0.43  -325.2   -45.9    -5.8
2022 353  1  0    7.50  -11.66    2.46  -325.8   -45.8    -1.8
2022 353  1  1    7.01  -12.14    0.66  -329.4   -46.5     2.3
2022 353  1  2    7.24  -11.90    1.24  -329.4   -46.5     2.3
2022 353  1  3    7.44  -10.41    4.46  -329.4   -46.5     2.3
2022 353  1  4    7.13  -11.15    3.58 99999.9 99999.9 99999.9
2022 353  1  5    7.31  -11.64    1.19  -326.6   -64.0    -2.6
2022 353  1  6    7.36  -11.53    0.41  -326.7   -63.6    -2.2
2022 353  1  7    6.65  -11.92    0.86  -329.0   -49.7     8.7
2022 353  1  8    8.51  -10.96   -2.18  -329.9   -43.8    12.6
2022 353  1  9    7.94  -11.58   -0.69 99999.9 99999.9 99999.9
2022 353  1 10    5.73  -12.74    0.17  -338.8   -52.4    -1.4
2022 353  1 11    8.17  -11.47   -0.80  -338.8   -52.4    -1.4
2022 353  1 12    6.81  -12.35   -1.15  -333.7   -51.0    -2.6
2022 353  1 13    4.79  -12.96    0.77  -326.7   -49.5    -3.0
2022 353  1 14    9.62  -10.53   -1.51  -322.6   -48.6    -3.1
2022 353  1 15    9.30  -10.82   -1.30 99999.9 99999.9 99999.9
2022 353  1 16    9.36  -10.47   -2.40 99999.9 99999.9 99999.9
2022 353  1 17    9.42  -10.34   -2.84  -324.2   -45.7    -6.0
2022 353  1 18   10.43   -9.00   -3.20  -324.2   -45.7    -6.0
2022 353  1 19   11.77   -7.31   -3.65  -310.3   -21.3   -19.7
2022 353  1 20   11.70   -7.70   -3.12  -310.3   -22.1   -19.2
2022 353  1 21   11.82   -7.78   -3.07  -311.5   -27.2   -16.3
2022 353  1 22   11.63   -8.22   -2.81  -311.6   -27.2   -16.2
2022 353  1 23   11.66   -8.05   -2.99  -313.9   -26.6   -15.3
2022 353  1 24   11.34   -8.65   -2.58  -314.5   -27.9   -14.3
2022 353  1 25   10.92   -9.24   -2.26  -316.9   -33.0   -10.4
2022 353  1 26   10.71   -9.52   -2.00  -317.0   -33.1   -10.4
2022 353  1 27   10.85   -9.34   -1.90  -318.0   -31.5   -11.3
2022 353  1 28    9.35  -11.08   -1.73  -317.0   -29.6   -11.3
2022 353  1 29    8.71  -11.71   -1.34  -325.2   -41.0    -9.4
2022 353  1 30    9.18  -11.19   -1.38  -326.4   -41.2    -8.2
2022 353  1 31    8.54  -11.93   -1.06  -324.9   -40.4    -7.0
2022 353  1 32    7.73  -12.84   -0.53  -320.5   -39.1    -8.0
2022 353  1 33    5.80  -13.65    0.27 99999.9 99999.9 99999.9
2022 353  1 34    2.22  -14.59    2.37 99999.9 99999.9 99999.9
2022 353  1 35    1.56  -14.68    2.66  -364.4   -45.8    15.8
2022 353  1 36    0.93  -14.73    3.28  -363.1   -45.7    14.8
2022 353  1 37    0.65  -14.70    3.55  -357.2   -45.5     9.9
2022 353  1 38    0.32  -14.82    3.28  -364.1   -46.8    12.6
2022 353  1 39    0.30  -14.82    3.28  -366.3   -47.2    13.5
2022 353  1 40   -0.10  -14.77    3.57  -366.3   -47.2    13.5
2022 353  1 41   -0.24  -14.73    3.55 99999.9 99999.9 99999.9
2022 353  1 42    0.04  -14.74    3.49 99999.9 99999.9 99999.9
2022 353  1 43    0.84  -14.72    3.37  -369.2   -47.2    13.7
2022 353  1 44    0.19  -14.69    3.67  -369.2   -47.2    13.7
2022 353  1 45    0.12  -14.78    3.50 99999.9 99999.9 99999.9
2022 353  1 46    2.61  -13.42    1.58  -365.1   -44.3    14.8
2022 353  1 47    1.70  -13.73    2.77  -356.5   -39.1     8.8
2022 353  1 48    3.96  -12.11    1.46  -355.4   -40.9    10.7
2022 353  1 49 9999.99 9999.99 9999.99 99999.9 99999.9 99999.9
2022 353  1 50    5.29  -11.59    1.08  -337.7   -35.2    -1.6
2022 353  1 51    5.13  -11.74   -0.44  -340.5   -35.5    -1.4
2022 353  1 52    3.85  -12.24    0.88  -349.9   -37.5     2.4
2022 353  1 53    3.86  -12.20    1.42  -351.6   -37.8     4.0
2022 353  1 54    3.27  -12.33    1.62  -354.6   -36.7     7.6
2022 353  1 55    3.74  -12.32    2.07  -355.8   -36.1     9.4
2022 353  1 56    4.75  -11.45    1.69  -343.1   -34.3     8.4
2022 353  1 57    4.68  -11.17    2.06  -331.2   -32.3     8.4
2022 353  1 58    6.52  -12.53   -0.78  -338.5   -32.0    -3.7
2022 353  1 59    6.80  -12.45   -0.91  -346.7   -36.0     5.3
2022 353  2  0    8.49  -12.16   -1.75  -353.3   -39.3    12.8
2022 353  2  1    8.60  -11.86   -1.99  -331.4   -32.7    -6.8
2022 353  2  2    7.50  -12.63   -2.01  -336.3   -31.5    -5.7
2022 353  2  3    7.69  -12.68   -2.00  -338.3   -32.4    -4.6
2022 353  2  4    7.29  -13.04   -1.24  -338.7   -33.0    -4.2
2022 353  2  5    6.96  -13.24   -1.05 99999.9 99999.9 99999.9
2022 353  2  6    7.41  -12.97   -1.18  -339.9   -32.9     0.5
2022 353  2  7    7.71  -12.49   -1.41  -339.4   -33.3    -1.2
2022 353  2  8    7.64  -12.46   -1.86  -338.3   -33.3    -3.9
2022 353  2  9    8.07  -12.06   -2.33  -338.3   -33.3    -3.9
2022 353  2 10    7.95  -12.22   -1.93  -337.3   -29.8    -7.4
2022 353  2 11    7.64  -12.44   -2.38  -337.5   -30.1    -7.8
2022 353  2 12    6.90  -12.93   -1.95  -339.8   -33.7    -5.7
2022 353  2 13    7.05  -12.91   -1.22  -340.2   -35.4    -5.6
2022 353  2 14    6.78  -12.98   -0.81  -340.4   -36.1    -5.6
2022 353  2 15    7.23  -12.69   -0.92  -341.6   -35.3    -1.0
2022 353  2 16    8.68  -11.52   -2.47  -336.6   -32.2    -8.4
2022 353  2 17    9.56  -10.09   -4.75  -331.5   -28.8   -16.2
2022 353  2 18   10.16   -9.23   -5.48  -328.8   -26.2   -20.4
2022 353  2 19    9.73   -9.58   -5.00  -324.3   -20.3   -25.3
2022 353  2 20    9.29  -10.22   -4.41  -323.2   -18.8   -26.5
2022 353  2 21    7.10  -12.83   -1.20  -323.2   -18.8   -26.5
2022 353  2 22    7.49  -12.20   -2.52  -338.5   -29.7    -8.3
2022 353  2 23    7.57  -12.21   -2.50  -340.1   -30.8    -9.1
2022 353  2 24    7.57  -12.26   -2.63  -341.3   -32.1    -9.5
2022 353  2 25    7.78  -11.90   -3.02  -339.1   -29.3    -9.0
2022 353  2 26    7.58  -12.09   -2.82  -339.1   -29.3    -9.0
2022 353  2 27    7.54  -12.32   -3.00  -341.6   -21.7   -13.4
2022 353  2 28    7.50  -12.42   -3.27  -342.6   -18.6   -15.1
2022 353  2 29    7.18  -12.73   -2.83  -342.0   -25.8   -11.6
2022 353  2 30    7.15  -12.79   -2.60  -341.7   -30.2    -9.6
2022 353  2 31    7.58  -12.51   -2.81  -341.5   -28.9   -10.6
2022 353  2 32    7.87  -12.23   -2.86  -338.5   -29.5   -13.1
2022 353  2 33    7.86  -12.19   -2.81  -338.1   -29.6   -13.4
2022 353  2 34    8.02  -11.84   -3.14  -339.0   -33.6    -7.4
2022 353  2 35    8.26   -7.57   -5.68  -339.0   -33.5    -7.5
2022 353  2 36    8.72   -4.72   -7.87  -330.1   -15.4   -30.9
2022 353  2 37    9.06   -4.38   -8.01  -329.1   -21.8   -30.3
2022 353  2 38    9.31   -3.18   -8.39  -328.8   -21.5   -30.7
2022 353  2 39    9.28   -2.86   -8.43  -328.7   -17.0   -31.8
2022 353  2 40    9.34   -3.12   -8.62  -329.0   -15.8   -30.9
2022 353  2 41    9.22   -3.18   -8.58  -328.5   -17.5   -31.5
2022 353  2 42    8.60   -5.99   -7.73  -329.0   -17.8   -31.2
2022 353  2 43    8.01   -6.53   -7.92  -332.5   -26.2   -27.4
2022 353  2 44    8.05   -7.30   -6.97  -332.6   -26.3   -27.3
2022 353  2 45    7.86   -8.36   -6.06  -331.8   -34.1   -23.0
2022 353  2 46    8.08   -8.54   -5.64  -331.8   -34.1   -23.0
2022 353  2 47    8.26   -8.75   -5.41 99999.9 99999.9 99999.9
2022 353  2 48    7.50   -9.25   -5.06 99999.9 99999.9 99999.9
2022 353  2 49    7.72   -8.88   -5.32  -333.2   -34.4   -20.0
2022 353  2 50    7.71   -8.96   -5.49  -333.1   -33.7   -20.5
2022 353  2 51    7.50   -9.31   -5.17  -333.0   -33.0   -21.0
2022 353  2 52    7.94   -9.03   -5.29 99999.9 99999.9 99999.9
2022 353  2 53    8.11   -9.19   -4.90 99999.9 99999.9 99999.9
2022 353  2 54    7.99   -9.46   -5.02 99999.9 99999.9 99999.9
2022 353  2 55    8.14   -9.58   -4.77 99999.9 99999.9 99999.9
2022 353  2 56    8.17   -9.52   -4.92  -333.2   -33.9   -19.4
2022 353  2 57    8.13   -9.87   -4.12  -333.2   -33.9   -19.4
2022 353  2 58    8.24   -9.66   -4.62  -333.2   -33.9   -19.4
2022 353  2 59    8.49   -9.26   -5.05  -333.1   -34.2   -17.2
2022 353  3  0    8.55   -9.02   -5.30  -333.1   -34.2   -17.2
2022 353  3  1    9.19   -7.84   -5.96  -331.0   -31.1   -19.4
2022 353  3  2    8.35   -9.89   -4.57  -331.0   -31.1   -19.4
2022 353  3  3    8.29   -9.05   -5.62  -333.2   -31.4   -17.3
2022 353  3  4    7.83   -8.86   -5.65  -333.5   -32.2   -19.8
2022 353  3  5    7.59   -9.05   -6.05  -335.3   -33.8   -22.9
2022 353  3  6    7.73   -8.96   -6.17  -336.8   -34.5   -23.5
2022 353  3  7    7.02   -9.40   -6.13  -336.5   -33.2   -23.1
2022 353  3  8    7.45   -8.90   -6.45  -336.5   -33.2   -23.1
2022 353  3  9    7.24   -8.73   -6.96  -335.8   -30.2   -27.9
2022 353  3 10    7.19   -8.36   -7.35  -335.8   -30.2   -27.9
2022 353  3 11    7.09   -8.18   -6.97  -334.9   -27.7   -29.9
2022 353  3 12    6.99   -8.01   -6.79  -334.8   -27.9   -29.7
2022 353  3 13    7.06   -7.72   -6.88  -333.8   -29.6   -28.2
2022 353  3 14    7.64   -7.27   -7.15  -332.4   -29.7   -28.3
2022 353  3 15    7.41   -6.98   -7.25  -332.5   -28.6   -28.7
2022 353  3 16    7.81   -6.68   -7.26  -333.2   -28.6   -29.0
2022 353  3 17    7.22   -6.98   -7.68  -331.4   -28.0   -28.9
2022 353  3 18    6.66   -7.69   -7.83  -331.1   -27.8   -29.0
2022 353  3 19    7.43   -7.55   -8.13  -328.0   -25.9   -30.0
2022 353  3 20    6.99   -7.51   -8.28  -328.4   -25.8   -30.1
2022 353  3 21    6.94   -7.26   -8.53  -328.7   -26.9   -30.0
2022 353  3 22    7.17   -6.99   -8.43  -328.5   -27.2   -29.8
2022 353  3 23    7.20   -6.69   -8.39  -328.5   -26.9   -29.0
2022 353  3 24    6.45   -5.81   -9.36  -329.6   -26.3   -29.1
2022 353  3 25    6.60   -5.87   -8.99  -331.1   -25.4   -29.7
2022 353  3 26    8.13   -7.26   -5.99  -327.3   -26.6   -24.1
2022 353  3 27    8.09   -6.75   -6.65  -327.2   -26.9   -24.4
2022 353  3 28    8.25   -5.16   -7.87  -327.0   -25.5   -26.5
2022 353  3 29    8.17   -4.94   -8.22  -326.9   -23.0   -28.1
2022 353  3 30    8.17   -4.95   -8.21 99999.9 99999.9 99999.9
2022 353  3 31 9999.99 9999.99 9999.99 99999.9 99999.9 99999.9
2022 353  3 32    8.26   -5.26   -8.03 99999.9 99999.9 99999.9
2022 353  3 33 9999.99 9999.99 9999.99 99999.9 99999.9 99999.9
2022 353  3 34    8.31   -4.99   -8.16 99999.9 99999.9 99999.9
2022 353  3 35 9999.99 9999.99 9999.99 99999.9 99999.9 99999.9
2022 353  3 36    8.15   -4.92   -8.15 99999.9 99999.9 99999.9
2022 353  3 37 9999.99 9999.99 9999.99 99999.9 99999.9 99999.9
2022 353  3 38    8.30   -4.68   -8.15 99999.9 99999.9 99999.9
2022 353  3 39 9999.99 9999.99 9999.99 99999.9 99999.9 99999.9
2022 353  3 40    8.34   -4.39   -8.29  -327.7   -20.8   -28.4
2022 353  3 41 9999.99 9999.99 9999.99  -327.7   -20.8   -28.4
2022 353  3 42    8.19   -4.96   -8.05  -327.7   -20.8   -28.4
2022 353  3 43 9999.99 9999.99 9999.99 99999.9 99999.9 99999.9
2022 353  3 44    8.07   -3.82   -8.40 99999.9 99999.9 99999.9
2022 353  3 45    8.38   -4.17   -8.30  -328.6   -16.5   -33.5
2022 353  3 46    7.97   -4.13   -8.55  -328.7   -18.9   -31.4
2022 353  3 47    8.27   -6.21   -6.71  -328.8   -20.1   -30.3
2022 353  3 48    7.92   -8.51   -4.20  -326.4   -29.2   -21.4
2022 353  3 49    7.84   -8.67   -4.28  -326.4   -29.2   -21.4
2022 353  3 50    8.10   -7.62   -5.36  -325.9   -29.6   -22.9
2022 353  3 51    8.23   -6.50   -6.55  -325.9   -29.6   -22.9
2022 353  3 52    8.32   -5.55   -7.29  -324.9   -24.0   -29.2
2022 353  3 53    7.77   -3.77   -8.37  -325.7   -20.9   -30.8
2022 353  3 54    8.34   -7.08   -5.01  -326.6   -17.5   -32.6
2022 353  3 55    8.54   -6.81   -5.93  -321.2   -27.0   -27.9
2022 353  3 56    8.57   -6.48   -6.08  -321.3   -26.8   -27.9
2022 353  3 57    7.91   -4.10   -7.11  -323.7   -21.5   -27.7
2022 353  3 58    7.62   -3.83   -7.36  -324.8   -17.6   -31.3
2022 353  3 59    7.68   -4.05   -7.17  -324.9   -22.5   -29.2
2022 353  4  0    7.70   -4.27   -6.62  -325.7   -21.1   -29.3
2022 353  4  1    7.84    0.30   -9.12  -325.1   -20.5   -26.5
2022 353  4  2    6.13    1.96   -8.39  -326.0   -24.7   -24.8
2022 353  4  3    7.29    1.88   -9.74  -327.1   -22.3   -23.0
2022 353  4  4    7.55    1.65   -9.75  -327.2   -21.7   -22.1
2022 353  4  5    6.73    2.37   -8.54  -326.2   -23.5   -24.5
2022 353  4  6    6.64    2.56   -9.03  -327.0   -22.8   -23.6
2022 353  4  7    6.24    2.66   -8.64  -326.9   -24.9   -23.3
2022 353  4  8    6.37    3.02   -8.85  -325.2   -24.7   -23.5
2022 353  4  9    6.63    1.32   -9.30  -326.8   -28.7   -23.2
2022 353  4 10    6.72    1.16   -9.57  -324.4   -23.9   -25.0
2022 353  4 11    6.02   -1.74   -8.71  -324.4   -21.6   -25.4
2022 353  4 12    5.99   -0.46   -8.82  -324.7   -21.6   -26.2
2022 353  4 13    6.04   -0.57   -8.44  -324.3   -22.9   -26.6
2022 353  4 14    6.64    0.26   -7.86  -324.1   -22.8   -26.5
2022 353  4 15    6.06   -0.37   -7.91 99999.9 99999.9 99999.9
2022 353  4 16    6.98   -1.01   -7.09  -325.8   -22.9   -22.8
2022 353  4 17    6.32   -1.00   -8.15  -325.8   -22.9   -22.8
2022 353  4 18    6.26   -0.91   -8.17 99999.9 99999.9 99999.9
2022 353  4 19 9999.99 9999.99 9999.99 99999.9 99999.9 99999.9
2022 353  4 20    5.20   -1.60   -8.62 99999.9 99999.9 99999.9
2022 353  4 21    5.79   -3.25   -7.78 99999.9 99999.9 99999.9
2022 353  4 22    4.63   -4.20   -7.82 99999.9 99999.9 99999.9
2022 353  4 23    5.03   -2.43   -7.75 99999.9 99999.9 99999.9
2022 353  4 24    3.97   -3.97   -7.03  -326.3   -33.3   -26.5
2022 353  4 25    4.00   -4.54   -6.58  -326.3   -33.3   -26.5
2022 353  4 26    3.46   -5.53   -6.11 99999.9 99999.9 99999.9
2022 353  4 27    4.03   -5.48   -5.87  -325.3   -31.7   -27.8
2022 353  4 28    4.21   -4.30   -6.96  -325.3   -31.7   -27.8
2022 353  4 29 9999.99 9999.99 9999.99 99999.9 99999.9 99999.9
2022 353  4 30 9999.99 9999.99 9999.99 99999.9 99999.9 99999.9
2022 353  4 31    4.52   -0.02   -8.59  -328.0   -22.1   -23.6
2022 353  4 32    4.94   -1.46   -8.74  -328.0   -21.6   -23.3
2022 353  4 33    5.06   -2.18   -8.63  -328.0   -21.3   -23.1
2022 353  4 34    5.17   -0.51   -9.41  -328.9   -24.8   -17.9
2022 353  4 35    5.27    0.18  -10.03  -328.2   -23.6   -19.4
2022 353  4 36    5.41   -0.31  -10.07  -327.7   -22.8   -20.4
2022 353  4 37    5.51   -0.93  -10.20  -328.1   -23.9   -18.6
2022 353  4 38    5.50   -1.30  -10.11  -328.1   -23.9   -18.6
2022 353  4 39    5.05   -1.08  -10.36 99999.9 99999.9 99999.9
2022 353  4 40    4.75   -1.72   -9.76 99999.9 99999.9 99999.9
2022 353  4 41    4.75   -1.73   -9.75 99999.9 99999.9 99999.9
2022 353  4 42 9999.99 9999.99 9999.99 99999.9 99999.9 99999.9
2022 353  4 43    5.10   -1.12   -9.16 99999.9 99999.9 99999.9
2022 353  4 44 9999.99 9999.99 9999.99 99999.9 99999.9 99999.9
2022 353  4 45    4.05   -1.88   -9.24  -328.5   -22.7   -19.2
2022 353  4 46    3.80   -1.49   -8.71  -328.5   -22.7   -19.2
2022 353  4 47    3.80   -1.50   -8.71 99999.9 99999.9 99999.9
2022 353  4 48    2.79   -1.89   -8.94 99999.9 99999.9 99999.9
2022 353  4 49    5.01    0.01   -9.09 99999.9 99999.9 99999.9
2022 353  4 50    5.01    0.00   -9.09 99999.9 99999.9 99999.9
2022 353  4 51    5.12    1.00   -9.27 99999.9 99999.9 99999.9
2022 353  4 52    5.35    1.08   -9.03 99999.9 99999.9 99999.9
2022 353  4 53    5.15    2.00   -8.85  -328.4   -17.8   -20.7
2022 353  4 54    5.05    2.08   -8.82  -328.4   -17.8   -20.7
2022 353  4 55    4.83    0.81   -9.13  -328.4   -17.8   -20.7
2022 353  4 56    6.47   -3.56   -9.29  -325.6   -23.6   -22.6
2022 353  4 57    6.67   -3.13   -9.72  -325.6   -23.6   -22.6
2022 353  4 58    5.49   -3.02   -9.32 99999.9 99999.9 99999.9
2022 353  4 59    4.04   -5.64   -6.81  -319.0   -22.4   -30.3
2022 353  5  0    4.36   -5.58   -6.40  -319.0   -22.4   -30.3
2022 353  5  1    4.76   -4.15   -7.61  -319.0   -22.4   -30.3
2022 353  5  2    4.49    1.75   -9.81 99999.9 99999.9 99999.9
2022 353  5  3    4.87    0.60   -9.66  -327.4   -20.0   -18.3
2022 353  5  4    4.83    0.33   -9.67  -327.4   -20.0   -18.3
2022 353  5  5    5.02    0.16   -9.64  -327.4   -20.0   -18.3
2022 353  5  6    5.27    0.03   -9.40  -326.2   -19.8   -18.7
2022 353  5  7    6.56   -3.38   -6.27  -325.9   -19.9   -19.1
2022 353  5  8    6.64   -4.62   -5.23  -317.7   -22.8   -33.8
2022 353  5  9    6.47   -4.68   -6.05  -318.2   -23.3   -35.5
2022 353  5 10    6.64   -5.13   -6.06  -315.2   -26.1   -37.0
2022 353  5 11    6.87   -6.04   -5.64  -314.9   -26.4   -37.1
2022 353  5 12    7.07   -6.13   -5.28  -314.9   -26.4   -37.1
2022 353  5 13    7.63   -6.22   -4.27 99999.9 99999.9 99999.9
2022 353  5 14    7.53   -6.66   -3.36  -310.3   -30.3   -31.2
2022 353  5 15    6.69   -5.82   -3.57  -311.6   -30.1   -29.6
2022 353  5 16    6.76   -6.86   -2.20  -313.5   -29.8   -27.2
2022 353  5 17    6.83   -6.84   -1.94 99999.9 99999.9 99999.9
2022 353  5 18    7.43   -5.74   -2.71 99999.9 99999.9 99999.9
2022 353  5 19    6.00   -6.76   -0.56  -312.4   -27.7   -28.4
2022 353  5 20    4.89   -7.44    1.27  -315.2   -27.2   -25.1
2022 353  5 21    4.81   -7.27    1.16  -318.9   -26.6   -20.9
2022 353  5 22    4.65   -7.14    2.20  -319.2   -28.3   -21.0
2022 353  5 23    4.79   -6.89    2.28  -318.3   -27.5   -22.4
2022 353  5 24    5.14   -7.22    2.79  -318.1   -27.4   -22.6
2022 353  5 25    4.99   -6.98    2.82 99999.9 99999.9 99999.9
2022 353  5 26    5.39   -5.84    0.50  -316.9   -26.6   -23.6
2022 353  5 27    6.76   -2.71   -5.08  -316.9   -24.5   -25.0
2022 353  5 28    7.71    1.04  -10.47  -316.8   -23.0   -25.9
2022 353  5 29    6.90    2.16   -9.22  -321.3   -12.1   -28.3
2022 353  5 30    4.50   -6.74    3.58  -320.8   -13.7   -27.8
2022 353  5 31    5.74   -3.38   -2.68  -316.1   -29.0   -23.1
2022 353  5 32    7.25    3.32  -11.97  -327.2   -13.5   -15.9
2022 353  5 33    7.36    2.17  -10.65  -325.9    -9.0   -19.2
2022 353  5 34    7.04    1.74  -10.57  -325.5   -13.0   -16.6
2022 353  5 35    7.00    1.46   -9.53  -324.8   -15.3   -16.6
2022 353  5 36    6.15   -1.13   -4.98  -325.4   -18.0   -18.1
2022 353  5 37    7.02    1.50   -9.17  -321.7   -21.2   -21.4
2022 353  5 38    7.11    0.59   -9.67  -315.8   -23.8   -33.2
2022 353  5 39    7.39    2.53  -11.55  -323.1   -19.0   -24.1
2022 353  5 40    7.92    2.23  -11.75  -328.1   -12.4   -17.0
2022 353  5 41    7.69    2.56  -11.79  -327.7    -4.0   -16.5
2022 353  5 42    7.62    2.54  -11.92  -327.3    -7.1   -17.2
2022 353  5 43    8.20    2.27  -11.57  -329.4    -6.5   -15.7
2022 353  5 44    8.30    2.27  -11.42  -330.2     0.1   -15.1
2022 353  5 45    8.17    2.12  -11.53  -329.2     4.0   -12.7
2022 353  5 46    8.51    2.39  -11.23  -332.9    -4.1   -17.0
2022 353  5 47    8.31    2.41  -11.35  -332.9    -4.1   -17.0
2022 353  5 48    8.46    2.28  -11.26  -329.2     1.6   -14.5
2022 353  5 49    8.35    2.41  -11.36  -329.2     1.6   -14.5
2022 353  5 50    8.39    2.55  -11.31  -329.1    -5.2   -12.4
2022 353  5 51    9.01   -0.46  -10.53  -324.7    -3.9   -12.7
2022 353  5 52    7.84    1.54  -11.84  -323.6    -3.6   -12.8
2022 353  5 53    8.81   -0.54  -10.71 99999.9 99999.9 99999.9
2022 353  5 54    8.77   -0.90  -10.67 99999.9 99999.9 99999.9
2022 353  5 55 9999.99 9999.99 9999.99 99999.9 99999.9 99999.9
2022 353  5 56    8.71   -0.76  -10.76 99999.9 99999.9 99999.9
2022 353  5 57    8.31   -1.35  -10.96 99999.9 99999.9 99999.9
2022 353  5 58    7.97   -1.14  -11.23  -328.8    -2.8   -14.3
2022 353  5 59    7.73    0.92  -11.77  -328.8    -2.8   -14.3
2022 353  6  0    8.16   -1.20  -11.08  -328.8    -2.8   -14.3
2022 353  6  1    7.65   -1.55  -11.38  -320.6    -4.3   -12.5
2022 353  6  2    7.80   -1.41  -11.28  -321.3    -4.5   -12.7
2022 353  6  3    6.93   -1.17  -11.97  -324.7    -6.2   -12.1
2022 353  6  4    7.35   -1.71  -11.57  -324.7    -6.2   -12.1
2022 353  6  5    7.30    0.35  -12.00 99999.9 99999.9 99999.9
2022 353  6  6 9999.99 9999.99 9999.99 99999.9 99999.9 99999.9
2022 353  6  7    8.18   -1.63  -11.02  -321.8     0.7    -9.4
2022 353  6  8    7.47   -1.34  -11.65  -321.4    -0.4    -9.9
2022 353  6  9 9999.99 9999.99 9999.99  -321.0    -1.3   -10.3
2022 353  6 10    7.35   -1.20  -11.72 99999.9 99999.9 99999.9
2022 353  6 11    8.27   -1.58  -10.95 99999.9 99999.9 99999.9
2022 353  6 12    7.12    0.23  -12.11 99999.9 99999.9 99999.9
2022 353  6 13    7.97   -1.74  -11.16 99999.9 99999.9 99999.9
2022 353  6 14    7.89   -1.59  -11.27 99999.9 99999.9 99999.9
2022 353  6 15    7.61   -1.02  -11.68 99999.9 99999.9 99999.9
2022 353  6 16 9999.99 9999.99 9999.99 99999.9 99999.9 99999.9
2022 353  6 17    8.39   -1.20  -10.91 99999.9 99999.9 99999.9
2022 353  6 18    7.57    1.55  -12.06 99999.9 99999.9 99999.9
2022 353  6 19    9.52   -0.68  -10.08 99999.9 99999.9 99999.9
2022 353  6 20    8.13   -1.73  -11.03 99999.9 99999.9 99999.9
2022 353  6 21 9999.99 9999.99 9999.99  -322.5    -6.1   -14.0
2022 353  6 22    9.57   -0.65  -10.08  -322.5    -6.1   -14.0
2022 353  6 23    7.95   -1.84  -11.12  -322.5    -6.1   -14.0
2022 353  6 24    9.72   -0.65   -9.97 99999.9 99999.9 99999.9
2022 353  6 25    7.50    1.40  -12.10 99999.9 99999.9 99999.9
2022 353  6 26    9.66   -0.65  -10.05  -323.0    -6.7   -11.6
2022 353  6 27    8.11   -1.82  -10.99  -323.0    -6.7   -11.6
2022 353  6 28 9999.99 9999.99 9999.99  -323.0    -6.7   -11.6
2022 353  6 29    9.60   -0.58  -10.08 99999.9 99999.9 99999.9
2022 353  6 30    7.91   -2.10  -11.11 99999.9 99999.9 99999.9
2022 353  6 31    8.54    0.39  -11.07 99999.9 99999.9 99999.9
2022 353  6 32 9999.99 9999.99 9999.99 99999.9 99999.9 99999.9
2022 353  6 33    7.77   -2.19  -11.22 99999.9 99999.9 99999.9
2022 353  6 34    9.34   -0.96  -10.21 99999.9 99999.9 99999.9
2022 353  6 35 9999.99 9999.99 9999.99 99999.9 99999.9 99999.9
2022 353  6 36    9.65   -0.66  -10.01 99999.9 99999.9 99999.9
2022 353  6 37    7.68   -1.37  -11.47  -330.6    -2.0   -14.7
2022 353  6 38    9.25   -0.15  -10.42  -329.1    -2.2   -14.5
2022 353  6 39 9999.99 9999.99 9999.99  -323.4    -2.9   -13.7
2022 353  6 40    7.85   -2.08  -11.18  -322.2    -3.1   -13.5
2022 353  6 41    9.64   -0.67  -10.03 99999.9 99999.9 99999.9
2022 353  6 42 9999.99 9999.99 9999.99 99999.9 99999.9 99999.9
2022 353  6 43    9.57   -0.86  -10.04 99999.9 99999.9 99999.9
2022 353  6 44    7.67   -0.05  -11.73 99999.9 99999.9 99999.9
2022 353  6 45    9.66   -0.72   -9.99 99999.9 99999.9 99999.9
2022 353  6 46 9999.99 9999.99 9999.99 99999.9 99999.9 99999.9
2022 353  6 47    7.34   -1.99  -11.53 99999.9 99999.9 99999.9
2022 353  6 48    9.71   -0.93   -9.93 99999.9 99999.9 99999.9
2022 353  6 49 9999.99 9999.99 9999.99 99999.9 99999.9 99999.9
2022 353  6 50    8.31   -0.47  -11.08  -323.7    -5.1   -11.1
2022 353  6 51 9999.99 9999.99 9999.99  -323.7    -5.1   -11.1
2022 353  6 52    9.88   -0.48   -9.79  -323.7    -5.1   -11.1
2022 353  6 53    9.88   -0.49   -9.79 99999.9 99999.9 99999.9
2022 353  6 54    7.76   -2.21  -11.19 99999.9 99999.9 99999.9
2022 353  6 55    9.88   -0.65   -9.77  -320.2     1.1    -8.3
2022 353  6 56    7.30    1.56  -12.20  -320.2     1.1    -8.3
2022 353  6 57    8.06   -0.78  -11.18 99999.9 99999.9 99999.9
2022 353  6 58   10.07   -0.33   -9.59 99999.9 99999.9 99999.9
2022 353  6 59 9999.99 9999.99 9999.99 99999.9 99999.9 99999.9
2022 353  7  0    9.60   -0.85   -9.90 99999.9 99999.9 99999.9
2022 353  7  1    7.68   -2.35  -11.21 99999.9 99999.9 99999.9
2022 353  7  2    9.95   -0.67   -9.71 99999.9 99999.9 99999.9
2022 353  7  3    7.58    1.13  -11.99 99999.9 99999.9 99999.9
2022 353  7  4    7.92   -2.16  -11.11 99999.9 99999.9 99999.9
2022 353  7  5    9.77   -0.82   -9.88 99999.9 99999.9 99999.9
2022 353  7  6 9999.99 9999.99 9999.99 99999.9 99999.9 99999.9
2022 353  7  7    8.99   -1.61  -10.34 99999.9 99999.9 99999.9
2022 353  7  8    9.89   -0.84   -9.76 99999.9 99999.9 99999.9
2022 353  7  9    7.56    1.26  -12.10 99999.9 99999.9 99999.9
2022 353  7 10    9.95   -0.79   -9.68 99999.9 99999.9 99999.9
2022 353  7 11    7.84   -2.30  -11.13 99999.9 99999.9 99999.9
2022 353  7 12    9.94   -0.99   -9.68  -320.8    -3.3    -9.7
2022 353  7 13 9999.99 9999.99 9999.99  -320.8    -3.3    -9.7
2022 353  7 14    7.73   -2.38  -11.22  -319.9    -7.3   -11.7
2022 353  7 15    9.10   -0.19  -10.52  -319.8    -7.7   -11.9
2022 353  7 16    7.48    1.17  -12.15 99999.9 99999.9 99999.9
2022 353  7 17    9.59   -1.28   -9.90 99999.9 99999.9 99999.9
2022 353  7 18    7.70   -2.45  -11.24 99999.9 99999.9 99999.9
2022 353  7 19    7.21    1.16  -12.31 99999.9 99999.9 99999.9
2022 353  7 20    7.95    0.65  -11.65 99999.9 99999.9 99999.9
2022 353  7 21    7.54    0.20  -11.92  -330.0     0.1   -14.4
2022 353  7 22    7.88    0.66  -11.75  -329.7    -1.1   -13.8
2022 353  7 23    7.68    0.83  -12.05  -329.5    -2.0   -13.2
2022 353  7 24    8.08   -0.89  -11.30 99999.9 99999.9 99999.9
2022 353  7 25    8.11    0.54  -11.69  -328.4     0.2   -12.8
2022 353  7 26    7.81    0.84  -12.02  -328.4     0.2   -12.8
2022 353  7 27    8.77   -1.31  -10.61 99999.9 99999.9 99999.9
2022 353  7 28    7.72    0.76  -12.06 99999.9 99999.9 99999.9
2022 353  7 29    9.21   -0.81  -10.40  -320.7    -5.1   -10.5
2022 353  7 30    7.74    0.87  -12.06  -320.7    -5.1   -10.5
2022 353  7 31    8.73   -2.05  -10.45  -320.7    -5.1   -10.5
2022 353  7 32    9.95   -1.49   -9.60 99999.9 99999.9 99999.9
2022 353  7 33    8.28    0.17  -11.40 99999.9 99999.9 99999.9
2022 353  7 34    8.82   -2.03  -10.37  -320.4    -7.7   -11.8
2022 353  7 35    9.80   -1.23   -9.75  -320.4    -7.7   -11.8
2022 353  7 36    9.80   -1.23   -9.75 99999.9 99999.9 99999.9
2022 353  7 37    7.92   -1.69  -11.23  -333.4    -2.9   -19.7
2022 353  7 38    7.72    0.48  -11.97  -333.4    -2.9   -19.7
2022 353  7 39    8.41   -1.30  -11.01 99999.9 99999.9 99999.9
2022 353  7 40    7.65   -0.62  -11.78 99999.9 99999.9 99999.9
2022 353  7 41    7.73   -0.05  -11.86 99999.9 99999.9 99999.9
2022 353  7 42    8.22   -0.42  -11.43 99999.9 99999.9 99999.9
2022 353  7 43    8.12    0.31  -11.77 99999.9 99999.9 99999.9
2022 353  7 44    7.70   -1.93  -11.43  -335.4     4.9   -17.9
2022 353  7 45    8.45   -0.34  -11.30  -332.3     2.5   -15.6
2022 353  7 46    8.35   -0.08  -11.41  -326.6    -1.8   -11.6
2022 353  7 47    8.04   -0.45  -11.49  -325.3    -2.9   -12.1
2022 353  7 48    8.05   -0.20  -11.47  -326.4    -2.5   -11.9
2022 353  7 49    8.09   -0.19  -11.48  -328.5    -1.8   -11.7
2022 353  7 50    8.19   -1.09  -11.21 99999.9 99999.9 99999.9
2022 353  7 51    8.82   -0.83  -10.78 99999.9 99999.9 99999.9
2022 353  7 52    8.13   -0.07  -11.50 99999.9 99999.9 99999.9
2022 353  7 53    8.15   -1.24  -11.20  -324.6    -2.2   -11.3
2022 353  7 54    9.24   -1.51  -10.21  -324.7    -2.1   -11.4
2022 353  7 55    8.50   -0.47  -11.13  -333.3     6.6   -19.4
2022 353  7 56    8.38   -0.27  -11.19  -334.9     6.3   -17.0
2022 353  7 57    8.02   -0.94  -11.38  -326.0    -2.2   -13.0
2022 353  7 58    8.37   -0.48  -11.12  -321.0    -6.8   -11.4
2022 353  7 59    8.39   -0.46  -11.22  -332.9     2.8   -16.8
2022 353  8  0    8.22   -0.59  -11.25  -326.3     2.9    -9.8
2022 353  8  1    8.94   -0.54  -10.76  -323.4     1.2    -7.8
2022 353  8  2    8.61   -0.30  -11.14  -324.4    -0.3   -10.4
2022 353  8  3    8.16   -0.48  -11.38  -331.8     3.7   -15.8
2022 353  8  4    8.66   -0.80  -10.90  -330.7     2.6   -13.7
2022 353  8  5    8.21   -0.21  -11.38  -325.2    -2.2    -9.9
2022 353  8  6    8.62   -1.47  -10.66 99999.9 99999.9 99999.9
2022 353  8  7    8.65   -0.81  -10.97 99999.9 99999.9 99999.9
2022 353  8  8    9.41   -1.43  -10.28  -318.5    -5.9    -5.8
2022 353  8  9    8.68   -1.14  -10.92  -318.5    -5.9    -5.8
2022 353  8 10    9.35   -2.23   -9.88  -318.5    -5.9    -5.8
2022 353  8 11    8.66   -1.03  -10.90 99999.9 99999.9 99999.9
2022 353  8 12    8.83   -1.38  -10.73  -334.1     8.4   -18.8
2022 353  8 13    8.94   -2.35  -10.31  -331.1     4.3   -16.9
2022 353  8 14    8.95   -1.54  -10.69  -325.6    -4.2   -14.3
2022 353  8 15    9.34   -1.80  -10.15  -328.0    -2.4   -17.2
2022 353  8 16    8.64   -2.21  -10.67 99999.9 99999.9 99999.9
2022 353  8 17    9.67   -1.54   -9.87 99999.9 99999.9 99999.9
2022 353  8 18    9.17   -1.55  -10.41 99999.9 99999.9 99999.9
2022 353  8 19    8.19   -3.05  -10.68  -320.4    -7.4   -11.6
2022 353  8 20    9.48   -1.52  -10.09  -320.4    -7.4   -11.6
2022 353  8 21    8.99   -1.74  -10.59 99999.9 99999.9 99999.9
2022 353  8 22    8.89   -2.22  -10.35 99999.9 99999.9 99999.9
2022 353  8 23 9999.99 9999.99 9999.99 99999.9 99999.9 99999.9
2022 353  8 24    9.42   -1.90  -10.09  -330.2    -0.5   -17.4
2022 353  8 25    8.68   -2.43  -10.53  -330.2    -0.5   -17.4
2022 353  8 26    8.70   -2.43  -10.53  -330.2    -0.5   -17.4
2022 353  8 27    9.91   -2.22   -9.51 99999.9 99999.9 99999.9
2022 353  8 28    9.18   -1.95  -10.37 99999.9 99999.9 99999.9
2022 353  8 29    9.41   -2.92   -9.60  -320.9    -6.8   -12.6
2022 353  8 30    9.12   -2.03  -10.41  -320.9    -6.8   -12.6
2022 353  8 31 9999.99 9999.99 9999.99 99999.9 99999.9 99999.9
2022 353  8 32    9.12   -2.50  -10.12 99999.9 99999.9 99999.9
2022 353  8 33 9999.99 9999.99 9999.99 99999.9 99999.9 99999.9
2022 353  8 34    8.36   -1.53  -11.18 99999.9 99999.9 99999.9
2022 353  8 35    9.05   -2.75  -10.05 99999.9 99999.9 99999.9
2022 353  8 36    8.44   -1.74  -11.10 99999.9 99999.9 99999.9
2022 353  8 37 9999.99 9999.99 9999.99 99999.9 99999.9 99999.9
2022 353  8 38    8.14   -2.52  -10.97  -327.0    -2.8   -17.2
2022 353  8 39    9.80   -1.99   -9.67  -323.9    -4.9   -14.2
2022 353  8 40 9999.99 9999.99 9999.99  -320.4    -7.3   -10.9
2022 353  8 41    8.69   -1.88  -10.79 99999.9 99999.9 99999.9
2022 353  8 42    9.27   -2.65   -9.86 99999.9 99999.9 99999.9
2022 353  8 43 9999.99 9999.99 9999.99 99999.9 99999.9 99999.9
2022 353  8 44    8.88   -1.98  -10.62 99999.9 99999.9 99999.9
2022 353  8 45    8.54   -2.50  -10.59 99999.9 99999.9 99999.9
2022 353  8 46   10.19   -2.71   -9.08 99999.9 99999.9 99999.9
2022 353  8 47 9999.99 9999.99 9999.99 99999.9 99999.9 99999.9
2022 353  8 48    8.67   -2.39  -10.54 99999.9 99999.9 99999.9
2022 353  8 49    9.91   -2.66   -9.32 99999.9 99999.9 99999.9
2022 353  8 50   10.33   -2.57   -9.01 99999.9 99999.9 99999.9
2022 353  8 51 9999.99 9999.99 9999.99 99999.9 99999.9 99999.9
2022 353  8 52    8.45   -2.67  -10.61 99999.9 99999.9 99999.9
2022 353  8 53   10.50   -2.36   -8.84  -316.6    -4.7    -5.0
2022 353  8 54 9999.99 9999.99 9999.99  -316.6    -4.7    -5.0
2022 353  8 55    8.22   -3.16  -10.56  -316.6    -4.7    -5.0
2022 353  8 56    9.74   -2.06   -9.71  -326.6    -3.5   -15.1
2022 353  8 57   10.34   -2.32   -9.08  -326.6    -3.5   -15.1
2022 353  8 58    9.95   -2.44   -9.48  -326.6    -3.5   -15.1
2022 353  8 59    8.83   -2.65  -10.31 99999.9 99999.9 99999.9
2022 353  9  0    9.13   -1.83  -10.42 99999.9 99999.9 99999.9
2022 353  9  1 9999.99 9999.99 9999.99 99999.9 99999.9 99999.9
2022 353  9  2    8.38   -3.30  -10.40  -319.2    -5.0   -10.4
2022 353  9  3 9999.99 9999.99 9999.99  -319.2    -5.0   -10.4
2022 353  9  4 9999.99 9999.99 9999.99 99999.9 99999.9 99999.9
2022 353  9  5    8.65   -3.34  -10.18 99999.9 99999.9 99999.9
2022 353  9  6 9999.99 9999.99 9999.99 99999.9 99999.9 99999.9
2022 353  9  7 9999.99 9999.99 9999.99 99999.9 99999.9 99999.9
2022 353  9  8    8.69   -3.50  -10.10 99999.9 99999.9 99999.9
2022 353  9  9 9999.99 9999.99 9999.99 99999.9 99999.9 99999.9
2022 353  9 10    8.58   -3.49  -10.21 99999.9 99999.9 99999.9
2022 353  9 11    8.58   -3.50  -10.21 99999.9 99999.9 99999.9
2022 353  9 12 9999.99 9999.99 9999.99 99999.9 99999.9 99999.9
2022 353  9 13    8.35   -3.41  -10.40 99999.9 99999.9 99999.9
2022 353  9 14 9999.99 9999.99 9999.99 99999.9 99999.9 99999.9
2022 353  9 15 9999.99 9999.99 9999.99 99999.9 99999.9 99999.9
2022 353  9 16    8.36   -3.34  -10.40 99999.9 99999.9 99999.9
2022 353  9 17 9999.99 9999.99 9999.99 99999.9 99999.9 99999.9
2022 353  9 18 9999.99 9999.99 9999.99 99999.9 99999.9 99999.9
2022 353  9 19    8.41   -3.48  -10.32  -318.4   -12.4    -3.4
2022 353  9 20    9.11   -4.31   -9.02  -318.3   -11.9    -3.9
2022 353  9 21    8.85   -3.81   -9.55  -317.9   -10.1    -5.5
2022 353  9 22    9.03   -4.43   -9.12  -318.3    -9.6    -6.4
2022 353  9 23    9.05   -4.15   -9.29  -318.2    -8.8    -7.0
2022 353  9 24    9.28   -4.52   -8.74  -318.0    -6.2    -8.5
2022 353  9 25    8.59   -3.67   -9.80  -318.6    -7.8    -8.9
2022 353  9 26    8.69   -3.63   -9.50  -318.4    -8.6    -7.8
2022 353  9 27    9.27   -4.28   -8.52  -321.9   -11.9    -6.2
2022 353  9 28    9.65   -5.00   -7.52  -322.0   -12.1    -6.2
2022 353  9 29    9.58   -4.99   -7.64  -322.2    -8.8    -7.2
2022 353  9 30    9.61   -5.46   -7.20  -321.7    -8.7    -8.1
2022 353  9 31    9.36   -5.07   -7.86  -320.7    -9.4    -8.8
2022 353  9 32    9.11   -4.78   -8.46  -319.7    -9.9    -7.6
2022 353  9 33    9.06   -4.19   -9.00  -318.2   -11.8    -4.4
2022 353  9 34    9.26   -4.48   -8.78  -320.5    -9.2    -7.6
2022 353  9 35    9.20   -4.69   -8.32  -319.8   -10.0    -8.4
2022 353  9 36    9.48   -5.28   -7.54  -321.5    -9.5    -8.6
2022 353  9 37    9.38   -4.75   -8.19  -321.8    -9.6    -8.5
2022 353  9 38    9.46   -5.10   -7.83  -321.7   -17.7    -3.0
2022 353  9 39    9.38   -4.77   -8.38  -321.0   -14.0    -5.9
2022 353  9 40    9.19   -4.45   -8.91  -319.7    -6.8   -11.6
2022 353  9 41    9.13   -5.11   -8.48  -319.1    -8.9   -10.5
2022 353  9 42    9.14   -4.51   -8.81  -320.2   -15.5    -1.7
2022 353  9 43    9.26   -5.05   -8.24  -320.3   -16.4    -0.5
2022 353  9 44    9.13   -4.62   -8.72  -319.6    -9.6    -9.5
2022 353  9 45    9.48   -5.30   -7.70  -319.9   -13.0    -3.4
2022 353  9 46    9.60   -5.33   -7.53  -320.2   -16.1     2.1
2022 353  9 47    9.43   -4.81   -8.22  -320.5   -10.2    -6.5
2022 353  9 48    9.70   -5.26   -7.53  -320.1    -8.5    -8.6
2022 353  9 49    9.74   -5.02   -7.65  -320.2    -9.6   -10.6
2022 353  9 50    9.76   -4.68   -7.82  -321.7   -10.5    -8.5
2022 353  9 51    9.71   -5.06   -7.66  -322.7   -10.4    -9.0
2022 353  9 52    9.62   -4.96   -7.81  -320.9   -14.9    -1.7
2022 353  9 53    9.48   -4.94   -8.07  -321.2   -11.6    -7.9
2022 353  9 54    9.65   -5.24   -7.43  -321.8   -11.0    -9.6
2022 353  9 55    9.61   -5.04   -7.75  -321.6   -15.0    -3.3
2022 353  9 56    9.47   -4.80   -8.17  -321.1   -17.5    -2.5
2022 353  9 57    9.65   -5.30   -7.36  -321.1   -17.5    -2.5
2022 353  9 58    9.55   -5.07   -7.86 99999.9 99999.9 99999.9
2022 353  9 59    9.70   -4.84   -7.73  -321.4   -15.0    -5.0
2022 353 10  0    9.61   -4.57   -8.23  -321.8   -10.1   -10.7
2022 353 10  1    9.49   -4.72   -8.27  -320.9    -9.1   -12.2
2022 353 10  2    9.36   -5.20   -7.93  -320.0   -13.3    -7.4
2022 353 10  3    9.46   -5.82   -7.18  -319.7   -16.1    -4.6
2022 353 10  4    9.69   -6.03   -6.63  -320.3   -17.8    -4.8
2022 353 10  5    9.66   -5.91   -6.69  -320.3   -17.8    -4.8
2022 353 10  6    9.66   -6.00   -6.67  -321.6   -17.0    -4.7
2022 353 10  7    9.53   -6.09   -6.61  -321.7   -18.1    -5.2
2022 353 10  8    9.56   -6.03   -6.55  -321.8   -20.3    -6.1
2022 353 10  9    9.51   -6.02   -6.64 99999.9 99999.9 99999.9
2022 353 10 10    9.40   -6.01   -6.82 99999.9 99999.9 99999.9
2022 353 10 11    9.30   -6.18   -6.81 99999.9 99999.9 99999.9
2022 353 10 12    9.38   -6.11   -6.75  -321.3   -15.3    -6.7
2022 353 10 13    9.32   -6.11   -6.77  -321.3   -15.3    -6.7
2022 353 10 14    9.36   -6.09   -6.74 99999.9 99999.9 99999.9
2022 353 10 15    9.82   -6.18   -5.75  -319.7   -18.0    -2.4
2022 353 10 16    9.65   -6.37   -5.85  -319.0   -16.2    -2.8
2022 353 10 17    9.44   -6.25   -6.39  -318.8   -14.9    -4.9
2022 353 10 18    9.69   -6.20   -6.02  -317.9   -15.9    -2.5
2022 353 10 19    9.71   -6.27   -5.85  -318.0   -18.0    -0.4
2022 353 10 20    9.93   -7.35   -4.52  -318.1   -20.9     3.9
2022 353 10 21    9.94   -7.61   -4.24  -322.0   -10.7    -4.6
2022 353 10 22   10.01   -7.53   -4.12  -322.2   -11.1    -4.7
2022 353 10 23   10.20   -7.54   -3.72  -322.2   -11.4    -5.0
2022 353 10 24   10.22   -7.58   -3.56  -322.5   -12.5    -5.0
2022 353 10 25   10.20   -7.65   -3.56 99999.9 99999.9 99999.9
2022 353 10 26   10.20   -7.65   -3.56 99999.9 99999.9 99999.9
2022 353 10 27   10.17   -7.72   -3.53 99999.9 99999.9 99999.9
2022 353 10 28   10.22   -7.65   -3.50 99999.9 99999.9 99999.9
2022 353 10 29   10.24   -7.61   -3.63  -323.0   -12.2    -5.6
2022 353 10 30   10.28   -7.51   -3.70  -323.0   -12.2    -5.6
2022 353 10 31   10.31   -7.48   -3.72  -323.0   -12.2    -5.6
2022 353 10 32   10.36   -7.41   -3.72 99999.9 99999.9 99999.9
2022 353 10 33   10.29   -7.75   -3.24  -322.3    -4.5    -9.8
2022 353 10 34   10.32   -7.66   -3.42  -323.5    -8.2    -5.7
2022 353 10 35   10.27   -7.79   -3.35  -323.1    -9.1    -5.0
2022 353 10 36   10.32   -7.87   -3.02  -323.0    -5.5    -6.0
2022 353 10 37   10.26   -7.93   -3.04  -323.0    -4.5    -6.2
2022 353 10 38   10.22   -8.01   -2.99 99999.9 99999.9 99999.9
2022 353 10 39   10.23   -8.05   -2.96 99999.9 99999.9 99999.9
2022 353 10 40   10.24   -8.03   -2.98 99999.9 99999.9 99999.9
2022 353 10 41   10.25   -8.03   -2.97  -322.8    -5.8    -4.8
2022 353 10 42   10.30   -8.02   -2.81  -322.8    -5.8    -4.9
2022 353 10 43   10.25   -8.06   -2.77  -323.5    -6.2    -7.1
2022 353 10 44   10.27   -8.05   -2.70  -323.4    -5.9    -8.5
2022 353 10 45   10.30   -7.81   -2.64  -322.9    -6.7    -6.5
2022 353 10 46   10.01   -8.51   -0.83  -324.5    -7.3    -7.5
2022 353 10 47    9.78   -8.86   -0.41  -326.1    -9.3    -6.8
2022 353 10 48    9.70   -8.94   -0.48  -325.8   -10.3    -6.1
2022 353 10 49    9.62   -8.97   -0.37  -325.7   -10.3    -6.2
2022 353 10 50    9.43   -9.15   -0.07  -326.5   -11.1    -5.0
2022 353 10 51    9.56   -8.97   -0.09  -327.2   -11.2    -3.2
2022 353 10 52    9.59   -8.98   -0.10  -325.0    -8.9    -5.5
2022 353 10 53    9.59   -8.92   -0.08 99999.9 99999.9 99999.9
2022 353 10 54    9.89   -8.60   -0.47  -326.0    -9.6    -2.2
2022 353 10 55    9.83   -8.89   -0.21  -325.0    -8.9    -3.7
2022 353 10 56    9.73   -9.03   -0.08  -324.9    -8.4    -6.1
2022 353 10 57    9.63   -9.15    0.01  -324.9    -8.4    -6.1
2022 353 10 58    9.86   -8.82   -0.45  -325.2    -9.5    -5.1
2022 353 10 59    9.95   -8.71   -0.45  -325.2    -9.5    -5.1
2022 353 11  0    9.90   -8.77   -0.42  -324.9    -8.9    -5.1
2022 353 11  1    9.91   -8.80   -0.45  -324.5    -8.3    -5.1
2022 353 11  2   10.04   -8.55   -0.90  -324.5    -8.3    -5.1
2022 353 11  3   10.10   -8.54   -0.95  -322.8    -6.6    -7.6
2022 353 11  4   10.02   -8.63   -0.80  -323.1    -6.7    -7.3
2022 353 11  5   10.09   -8.43   -0.90  -324.8    -7.5    -5.4
2022 353 11  6   10.12   -8.49   -0.74  -324.3    -5.5    -8.4
2022 353 11  7    9.95   -8.68   -0.58  -324.5    -6.5    -8.4
2022 353 11  8    9.96   -8.67   -0.61  -324.1    -6.4    -9.5
2022 353 11  9    9.91   -8.72   -0.60 99999.9 99999.9 99999.9
2022 353 11 10    9.94   -8.69   -0.66 99999.9 99999.9 99999.9
2022 353 11 11    9.93   -8.70   -0.53  -323.6    -4.4   -10.6
2022 353 11 12    9.92   -8.71   -0.59  -323.6    -4.4   -10.6
2022 353 11 13    9.93   -8.70   -0.68  -323.9    -3.6   -10.4
2022 353 11 14    9.93   -8.67   -0.65  -323.9    -3.5   -10.4
2022 353 11 15 9999.99 9999.99 9999.99  -323.9    -3.5   -10.4
2022 353 11 16 9999.99 9999.99 9999.99 99999.9 99999.9 99999.9
2022 353 11 17 9999.99 9999.99 9999.99 99999.9 99999.9 99999.9
2022 353 11 18    9.91   -8.70   -0.62 99999.9 99999.9 99999.9
2022 353 11 19    9.91   -8.70   -0.62 99999.9 99999.9 99999.9
2022 353 11 20    9.85   -8.77   -0.61 99999.9 99999.9 99999.9
2022 353 11 21    9.85   -8.77   -0.62 99999.9 99999.9 99999.9
2022 353 11 22    9.88   -8.74   -0.68  -323.5    -3.7   -11.8
2022 353 11 23    9.89   -8.74   -0.69  -323.5    -3.7   -11.8
2022 353 11 24    9.88   -8.73   -0.72 99999.9 99999.9 99999.9
2022 353 11 25    9.87   -8.74   -0.74 99999.9 99999.9 99999.9
2022 353 11 26    9.82   -8.81   -0.58 99999.9 99999.9 99999.9
2022 353 11 27    9.86   -8.73   -0.59  -322.5    -3.4   -12.5
2022 353 11 28    9.86   -8.73   -0.47  -322.5    -3.4   -12.5
2022 353 11 29    9.85   -8.68   -0.50  -322.8    -1.8   -13.9
2022 353 11 30    9.82   -8.62   -0.59  -322.8    -1.8   -13.9
2022 353 11 31    9.82   -8.53   -0.65  -322.8    -1.7   -14.0
2022 353 11 32    9.80   -8.19   -1.03  -322.7    -0.6   -15.1
2022 353 11 33    9.95   -7.89   -1.30  -323.2    -0.9   -13.6
2022 353 11 34    9.22   -8.30   -0.20  -325.1    -1.6   -10.5
2022 353 11 35    9.21   -8.24    1.03  -327.7     0.4   -13.6
2022 353 11 36    9.26   -8.25    0.81  -328.7     4.4   -16.6
2022 353 11 37    9.32   -8.36    0.52  -326.9     5.1   -18.9
2022 353 11 38    9.34   -8.39   -0.01  -325.7     5.4   -20.4
2022 353 11 39    9.48   -8.19    0.07  -328.3     4.5   -14.4
2022 353 11 40    9.62   -8.14   -0.33  -328.2     4.4   -14.4
2022 353 11 41    9.60   -8.28   -0.34  -325.0    -0.1   -14.1
2022 353 11 42    9.72   -8.11   -0.48  -324.9    -0.3   -14.1
2022 353 11 43    9.56   -8.14   -0.38 99999.9 99999.9 99999.9
2022 353 11 44    9.53   -7.80   -0.98  -325.7    -0.1   -10.0
2022 353 11 45    9.67   -7.53   -1.18  -325.7    -0.1   -10.0
2022 353 11 46    9.89   -7.33   -1.13  -327.3    -1.6    -9.6
2022 353 11 47    9.89   -7.34   -1.06  -327.3    -1.6    -9.6
2022 353 11 48    9.92   -7.32   -1.01 99999.9 99999.9 99999.9
2022 353 11 49    9.87   -7.39   -1.02  -324.5     0.2    -9.7
2022 353 11 50    9.81   -7.51   -1.02  -324.5     0.2    -9.7
2022 353 11 51    9.76   -7.77   -0.81  -324.2    -0.7   -13.2
2022 353 11 52    9.96   -7.72   -1.60  -324.2    -0.9   -13.8
2022 353 11 53   10.05   -7.58   -1.83  -325.2    -1.3   -13.4
2022 353 11 54   10.07   -7.48   -1.99  -325.2    -1.3   -13.4
2022 353 11 55   10.09   -7.36   -2.02 99999.9 99999.9 99999.9
2022 353 11 56   10.09   -7.35   -1.87  -325.7    -2.7   -10.2
2022 353 11 57    9.99   -7.43   -2.23  -325.7    -2.7   -10.2
2022 353 11 58    9.91   -7.27   -2.78  -325.2    -3.0   -10.1
2022 353 11 59    9.83   -7.21   -3.24  -325.2    -3.0   -10.1
2022 353 12  0    9.86   -7.24   -2.92  -325.8    -4.2    -4.0
2022 353 12  1    9.93   -7.09   -2.50  -327.1    -5.0    -0.7
2022 353 12  2    9.40   -6.54   -3.43  -324.9    -9.7     3.2
2022 353 12  3 9999.99 9999.99 9999.99 99999.9 99999.9 99999.9
2022 353 12  4    9.41   -5.73   -4.79  -332.6     2.3    -8.2
2022 353 12  5    9.30   -5.40   -5.45  -332.9     2.9    -8.4
2022 353 12  6    9.20   -5.02   -5.99  -336.3     8.9   -10.4
2022 353 12  7    9.41   -5.21   -5.53  -337.1     7.9    -8.8
2022 353 12  8    9.47   -5.19   -5.37  -339.2     7.1    -7.3
2022 353 12  9    9.43   -5.42   -5.20  -337.8     8.0    -9.3
2022 353 12 10    9.41   -5.38   -5.27  -338.7     6.9    -7.9
2022 353 12 11    9.32   -5.81   -4.73  -341.1     5.2    -5.8
2022 353 12 12    9.25   -5.81   -4.53 99999.9 99999.9 99999.9
2022 353 12 13    9.06   -5.90   -4.52  -340.1     8.6    -5.8
2022 353 12 14    9.05   -5.75   -4.57  -340.6     7.5    -5.4
2022 353 12 15    9.25   -5.28   -4.57  -341.7     4.9    -4.5
2022 353 12 16    8.97   -5.70   -4.74  -341.1     4.5    -3.9
2022 353 12 17    8.29   -6.65   -4.66  -341.1     4.5    -3.9
2022 353 12 18    8.17   -6.74   -4.73  -342.4     4.7    -4.2
2022 353 12 19    8.58   -6.18   -4.63  -342.7     4.7    -4.3
2022 353 12 20    8.67   -5.68   -4.98 99999.9 99999.9 99999.9
2022 353 12 21    8.66   -5.76   -4.93  -339.8     6.2    -8.5
2022 353 12 22    8.76   -5.94   -4.60  -339.8     6.2    -8.5
2022 353 12 23    8.72   -6.13   -4.39  -339.8     6.2    -8.5
2022 353 12 24    8.68   -5.72   -4.77 99999.9 99999.9 99999.9
2022 353 12 25    8.85   -5.91   -4.33  -338.9     7.5    -2.9
2022 353 12 26    9.01   -5.74   -4.35  -338.9     7.5    -2.9
2022 353 12 27    9.01   -5.41   -4.63  -338.8     4.8    -0.3
2022 353 12 28    9.06   -6.36   -3.07  -339.0     4.8    -0.3
2022 353 12 29    9.12   -5.95   -3.47  -342.0     7.4    -3.9
2022 353 12 30    8.86   -6.29   -3.52  -342.9     6.0    -3.1
2022 353 12 31    8.80   -6.07   -4.03  -342.6     5.6    -1.9
2022 353 12 32    8.87   -6.17   -3.62  -342.3     5.4    -0.8
2022 353 12 33    8.92   -6.25   -3.45  -343.2     5.5    -1.7
2022 353 12 34    8.77   -6.40   -3.63  -343.0     6.8    -4.2
2022 353 12 35    8.78   -6.51   -3.31  -343.2     6.2    -4.2
2022 353 12 36    9.01   -6.45   -3.16  -343.5     5.4    -4.2
2022 353 12 37    9.10   -6.39   -3.09  -343.3     4.4    -2.9
2022 353 12 38    9.05   -6.38   -3.14  -343.3     4.4    -2.9
2022 353 12 39    9.08   -6.43   -2.91  -342.1     3.8     0.2
2022 353 12 40    9.02   -6.71   -2.40  -342.8     3.4     0.1
2022 353 12 41    8.95   -6.89   -2.22  -343.8     2.8     0.0
2022 353 12 42    8.82   -7.20   -2.12  -343.6     1.4     1.9
2022 353 12 43    9.11   -7.05   -1.08  -343.6     1.4     1.9
2022 353 12 44    8.58   -6.78   -2.77 99999.9 99999.9 99999.9
2022 353 12 45    8.01   -4.74   -6.16  -350.8    18.5   -20.6
2022 353 12 46    8.73   -6.34   -3.37  -350.8    18.5   -20.6
2022 353 12 47    8.74   -6.69   -2.90  -345.3     2.5     2.2
2022 353 12 48    8.68   -6.67   -3.13  -345.3     2.4     2.3
2022 353 12 49    8.76   -6.88   -2.58 99999.9 99999.9 99999.9
2022 353 12 50    8.90   -6.77   -2.71  -344.2     2.1     3.0
2022 353 12 51    8.84   -7.09   -1.91  -344.3     1.7     3.6
2022 353 12 52    8.78   -7.27   -0.80  -344.4     0.6     5.9
2022 353 12 53    8.50   -7.58    0.35  -344.0     0.2     9.8
2022 353 12 54    8.50   -7.50    0.03  -347.8    -5.9    19.2
2022 353 12 55    7.45   -8.32    2.02  -347.9    -5.9    19.2
2022 353 12 56    7.56   -8.23    2.01  -350.8   -10.1    22.0
2022 353 12 57    8.35   -7.58    0.86  -350.8   -10.1    22.0
2022 353 12 58    8.40   -7.58    0.42  -345.3    -0.9    10.1
2022 353 12 59    8.33   -7.66    0.48  -345.3    -0.9    10.1
2022 353 13  0    8.42   -7.54    0.15  -345.3    -0.9    10.1
2022 353 13  1    8.40   -7.69    0.17  -344.8    -1.8    12.0
2022 353 13  2    8.42   -7.56   -0.23  -346.1    -2.2    10.1
2022 353 13  3    7.71   -8.16    0.60  -346.1    -1.6     7.5
2022 353 13  4    7.88   -8.03    0.54  -346.1    -1.6     7.4
2022 353 13  5    9.48   -5.38   -3.24 99999.9 99999.9 99999.9
2022 353 13  6    9.29   -5.70   -3.75  -344.9    10.7    -6.5
2022 353 13  7    9.12   -5.67   -4.21  -344.0    11.4    -4.5
2022 353 13  8    9.10   -5.81   -4.08  -345.6     9.7    -7.4
2022 353 13  9    9.14   -6.17   -3.40  -345.6     9.7    -7.4
2022 353 13 10    9.23   -5.91   -3.53  -345.6     6.0    -4.6
2022 353 13 11    9.21   -5.99   -3.48  -345.6     6.0    -4.6
2022 353 13 12    9.28   -5.99   -3.17 99999.9 99999.9 99999.9
2022 353 13 13    9.16   -6.10   -3.30 99999.9 99999.9 99999.9
2022 353 13 14    9.36   -6.04   -2.78 99999.9 99999.9 99999.9
2022 353 13 15    9.49   -5.93   -2.56 99999.9 99999.9 99999.9
2022 353 13 16    9.41   -5.81   -3.09  -342.9     9.7     0.1
2022 353 13 17    9.38   -5.93   -2.93  -342.9     9.7     0.1
2022 353 13 18    9.41   -5.89   -3.00  -343.4     8.6    -2.8
2022 353 13 19    9.43   -5.92   -2.87  -343.4     8.5    -3.0
2022 353 13 20    9.35   -6.17   -2.55  -344.9     5.6    -0.1
2022 353 13 21    9.15   -6.59   -1.80  -344.5     6.5    -0.3
2022 353 13 22 9999.99 9999.99 9999.99  -344.4     6.7    -0.4
2022 353 13 23 9999.99 9999.99 9999.99 99999.9 99999.9 99999.9
2022 353 13 24    9.29   -5.27   -4.01  -345.4    13.0    -9.7
2022 353 13 25    9.20   -5.19   -4.23  -345.2    10.0    -6.9
2022 353 13 26    9.16   -4.91   -4.86  -345.3    12.6   -10.1
2022 353 13 27    9.24   -5.14   -4.58  -344.4    14.2   -13.5
2022 353 13 28    9.41   -5.53   -3.78  -343.6    13.2   -15.4
2022 353 13 29    9.45   -5.53   -3.62  -343.6    13.2   -15.4
2022 353 13 30    9.45   -5.47   -3.60 99999.9 99999.9 99999.9
2022 353 13 31    9.50   -4.81   -4.19 99999.9 99999.9 99999.9
2022 353 13 32    9.50   -4.81   -4.19 99999.9 99999.9 99999.9
2022 353 13 33    9.48   -4.82   -4.17 99999.9 99999.9 99999.9
2022 353 13 34    9.46   -5.16   -3.79 99999.9 99999.9 99999.9
2022 353 13 35    9.50   -5.17   -3.66 99999.9 99999.9 99999.9
2022 353 13 36    9.51   -5.26   -3.54 99999.9 99999.9 99999.9
2022 353 13 37    9.52   -5.34   -3.40 99999.9 99999.9 99999.9
2022 353 13 38    9.54   -5.38   -3.35 99999.9 99999.9 99999.9
2022 353 13 39    9.57   -5.28   -3.47  -339.3    15.6   -14.1
2022 353 13 40    9.61   -5.12   -3.60  -339.3    15.6   -14.1
2022 353 13 41    9.58   -5.06   -3.64 99999.9 99999.9 99999.9
2022 353 13 42    9.54   -5.04   -3.66 99999.9 99999.9 99999.9
2022 353 13 43    9.61   -4.98   -3.56 99999.9 99999.9 99999.9
2022 353 13 44    9.48   -4.93   -3.49  -340.7    16.7   -15.3
2022 353 13 45    9.32   -5.34   -3.55  -341.1    16.0   -15.2
2022 353 13 46    9.19   -5.14   -4.05  -342.1    14.2   -14.7
2022 353 13 47    9.46   -5.35   -3.29  -341.5    14.3   -13.0
2022 353 13 48    9.48   -5.55   -3.15  -341.8    14.0   -13.2
2022 353 13 49    9.57   -5.46   -3.07  -343.7    11.9   -14.3
2022 353 13 50    9.61   -5.37   -2.99  -341.8    14.4   -15.9
2022 353 13 51    9.56   -5.52   -2.81  -342.5    14.5   -12.7
2022 353 13 52    9.63   -5.43   -2.73  -341.6    15.5   -15.9
2022 353 13 53    9.63   -5.44   -2.78  -341.1    15.7   -14.5
2022 353 13 54    9.75   -5.25   -2.85  -340.3    15.2   -11.7
2022 353 13 55    9.63   -5.31   -2.98  -340.1    15.0   -10.5
2022 353 13 56    9.71   -5.35   -2.78  -341.5    14.3   -12.0
2022 353 13 57    9.81   -4.79   -3.09  -341.7    13.7   -11.3
2022 353 13 58    9.78   -4.62   -3.30  -340.9    15.6   -12.5
2022 353 13 59    9.78   -4.70   -3.31  -340.8    17.4   -14.6
2022 353 14  0    9.51   -5.11   -3.41  -341.0    18.2   -15.3
2022 353 14  1    9.40   -5.46   -2.99 99999.9 99999.9 99999.9
2022 353 14  2    9.66   -5.06   -3.18  -341.0    15.3   -13.6
2022 353 14  3    9.72   -4.90   -3.30  -341.0    15.3   -13.6
2022 353 14  4    9.82   -4.37   -3.41  -338.9    21.1   -13.7
2022 353 14  5    9.76   -5.12   -2.45  -339.2    18.7   -11.4
2022 353 14  6    9.78   -5.30   -2.05  -339.5    15.3    -8.2
2022 353 14  7    9.77   -5.12   -2.66  -341.4    11.5    -8.1
2022 353 14  8    9.83   -5.03   -2.52  -342.5    11.0    -9.1
2022 353 14  9    9.70   -5.27   -2.65  -344.5    12.0   -12.7
2022 353 14 10    9.78   -5.13   -2.54  -344.2    12.1   -12.0
2022 353 14 11    9.79   -5.14   -2.86  -340.5    14.0    -3.1
2022 353 14 12    9.97   -4.40   -3.34  -340.5    14.0    -3.1
2022 353 14 13    9.78   -4.65   -3.58  -341.9    14.6   -15.0
2022 353 14 14    9.83   -4.68   -3.44  -341.9    14.6   -15.0
2022 353 14 15    9.87   -4.82   -3.22  -341.1    15.5   -16.3
2022 353 14 16    9.96   -4.59   -3.15  -341.0    15.6   -16.4
2022 353 14 17    9.81   -5.10   -3.09  -340.6    16.8   -15.6
2022 353 14 18    9.82   -5.09   -3.02  -340.6    16.9   -15.6
2022 353 14 19    9.75   -5.28   -3.00  -340.3    22.0   -13.5
2022 353 14 20    9.49   -6.09   -2.37  -340.7    20.3   -15.0
2022 353 14 21    9.38   -6.12   -2.80  -343.1    10.1   -14.2
2022 353 14 22    9.10   -6.57   -2.65  -343.4     9.6   -11.5
2022 353 14 23    9.15   -6.61   -2.38 99999.9 99999.9 99999.9
2022 353 14 24    9.26   -6.45   -2.42  -342.5    11.1   -16.5
2022 353 14 25    8.92   -7.10   -1.74  -342.5    11.1   -16.5
2022 353 14 26    8.48   -4.29   -4.92  -346.1     4.9    -9.1
2022 353 14 27    9.91   -2.68   -4.62  -348.6    19.8   -24.7
2022 353 14 28    9.89   -4.13   -3.66  -349.5    24.9   -30.0
2022 353 14 29    9.73   -4.74   -3.32 99999.9 99999.9 99999.9
2022 353 14 30    9.69   -4.96   -3.15 99999.9 99999.9 99999.9
2022 353 14 31    9.63   -5.55   -2.51  -341.9    13.7   -16.9
2022 353 14 32    9.69   -5.84   -2.34  -341.9    13.7   -16.9
2022 353 14 33    9.30   -6.68   -1.31  -341.9    13.7   -16.9
2022 353 14 34    9.31   -6.65   -1.47  -341.9     8.2   -12.7
2022 353 14 35    9.31   -6.70   -1.22  -341.9     8.2   -12.7
2022 353 14 36    9.33   -6.53   -1.80  -341.9     8.2   -12.7
2022 353 14 37    9.29   -6.64   -1.50  -342.4     9.3   -13.2
2022 353 14 38    9.33   -6.60   -1.38  -342.2     7.3   -11.3
2022 353 14 39    9.39   -6.47   -1.68  -340.8     8.6   -14.2
2022 353 14 40    9.56   -6.14   -2.52  -340.3     8.8   -15.4
2022 353 14 41    9.52   -6.16   -2.47  -339.4     9.1   -18.4
2022 353 14 42    9.40   -6.48   -2.13  -339.4     9.1   -18.4
2022 353 14 43    9.35   -6.57   -1.98  -338.7     8.5   -16.3
2022 353 14 44    9.33   -6.50   -2.13  -339.2     7.9   -15.3
2022 353 14 45    9.33   -6.51   -2.29  -339.7     7.2   -14.1
2022 353 14 46    9.67   -5.53   -3.16  -337.5    11.6   -15.6
2022 353 14 47    9.59   -5.15   -3.50  -337.5    11.6   -15.6
2022 353 14 48    9.62   -5.41   -3.04  -337.8    13.7   -17.1
2022 353 14 49    9.49   -6.00   -2.63  -337.7    12.5   -16.4
2022 353 14 50    9.35   -6.48   -1.99  -338.1    11.2   -18.3
2022 353 14 51    9.36   -6.49   -2.01  -338.3    11.0   -19.1
2022 353 14 52    9.42   -6.47   -2.17 99999.9 99999.9 99999.9
2022 353 14 53    9.33   -6.48   -1.61 99999.9 99999.9 99999.9
2022 353 14 54    9.29   -6.59   -1.65  -337.7    10.9   -13.1
2022 353 14 55    9.35   -6.44   -2.50  -337.7    10.9   -13.1
2022 353 14 56    9.13   -6.91   -0.89  -338.4     9.0   -12.4
2022 353 14 57    9.02   -6.96   -1.36  -340.4     4.0   -10.5
2022 353 14 58    9.14   -6.77   -2.06  -340.4     4.0   -10.5
2022 353 14 59    8.89   -7.11   -1.26 99999.9 99999.9 99999.9
2022 353 15  0 9999.99 9999.99 9999.99 99999.9 99999.9 99999.9
2022 353 15  1    8.71   -7.30   -1.04 99999.9 99999.9 99999.9
2022 353 15  2    7.83   -8.27    1.27  -347.2    -2.6     7.7
2022 353 15  3    8.00   -8.26    1.44  -347.2    -2.6     7.7
2022 353 15  4    8.28   -8.11    1.09  -345.2     0.7     3.7
2022 353 15  5    8.49   -7.86    0.90  -345.1     0.8     3.6
2022 353 15  6    8.75   -7.54    0.27  -345.1     0.8     3.6
2022 353 15  7    8.95   -7.37    0.39  -340.5     4.5    -3.5
2022 353 15  8    8.91   -7.44    1.02  -341.0     4.3    -3.5
2022 353 15  9    8.97   -7.37    0.82  -342.3     4.5    -5.6
2022 353 15 10    8.86   -7.54   -0.31  -342.7     2.1   -10.3
2022 353 15 11    9.13   -7.17    0.12  -342.5     2.2    -9.9
2022 353 15 12    9.36   -6.79    0.54 99999.9 99999.9 99999.9
2022 353 15 13    8.97   -7.13   -0.66  -338.2     6.7    -3.0
2022 353 15 14    8.56   -7.44   -1.74  -339.9     3.1   -13.8
2022 353 15 15    8.75   -7.27   -1.62  -338.4     3.2   -12.5
2022 353 15 16    8.79   -7.06   -1.77  -338.1     3.4   -11.8
2022 353 15 17    8.83   -6.87   -1.85  -330.6    13.0   -20.2
2022 353 15 18    9.10   -6.64   -1.47  -331.9    10.7   -17.4
2022 353 15 19    9.06   -6.27   -1.99  -333.6     7.3   -12.9
2022 353 15 20    9.03   -6.24   -2.28  -328.3    14.1   -19.8
2022 353 15 21    9.14   -6.54   -1.87  -334.5    10.4   -14.4
2022 353 15 22    9.09   -6.58   -1.87  -334.5     7.1   -12.9
2022 353 15 23    9.05   -6.48   -1.97  -334.6     6.7    -8.8
2022 353 15 24    9.08   -6.03   -2.48  -334.6     6.7    -8.8
2022 353 15 25    9.17   -4.79   -3.80  -328.7    11.9   -20.1
2022 353 15 26    9.17   -4.83   -3.71  -328.7    11.9   -20.1
2022 353 15 27    9.17   -4.83   -3.71 99999.9 99999.9 99999.9
2022 353 15 28    9.23   -4.82   -3.61 99999.9 99999.9 99999.9
2022 353 15 29    9.26   -4.71   -3.60 99999.9 99999.9 99999.9
2022 353 15 30    9.45   -4.50   -3.55 99999.9 99999.9 99999.9
2022 353 15 31    9.45   -4.50   -3.56 99999.9 99999.9 99999.9
2022 353 15 32    9.89   -3.95   -3.53 99999.9 99999.9 99999.9
2022 353 15 33   10.02   -3.55   -3.79 99999.9 99999.9 99999.9
2022 353 15 34    9.57   -4.64   -3.38  -329.0    21.0   -21.8
2022 353 15 35    9.25   -5.14   -3.19  -329.0    21.0   -21.8
2022 353 15 36    9.17   -5.48   -3.05 99999.9 99999.9 99999.9
2022 353 15 37    9.40   -5.10   -3.35 99999.9 99999.9 99999.9
2022 353 15 38    9.38   -5.08   -3.54 99999.9 99999.9 99999.9
2022 353 15 39    9.03   -5.57   -3.58  -330.5    21.6   -26.4
2022 353 15 40    8.98   -5.78   -3.30  -330.5    21.6   -26.4
2022 353 15 41    8.85   -5.71   -3.65  -330.5    21.6   -26.4
2022 353 15 42    8.87   -5.80   -3.65 99999.9 99999.9 99999.9
2022 353 15 43    9.09   -5.58   -3.92 99999.9 99999.9 99999.9
2022 353 15 44    9.11   -5.54   -3.89  -331.8    15.6   -28.9
2022 353 15 45    9.11   -5.53   -3.89  -331.8    15.6   -28.9
2022 353 15 46    8.89   -5.50   -4.14  -331.8    15.6   -28.9
2022 353 15 47 9999.99 9999.99 9999.99 99999.9 99999.9 99999.9
2022 353 15 48    9.10   -5.58   -3.43 99999.9 99999.9 99999.9
2022 353 15 49 9999.99 9999.99 9999.99 99999.9 99999.9 99999.9
2022 353 15 50    9.13   -5.66   -3.15 99999.9 99999.9 99999.9
2022 353 15 51 9999.99 9999.99 9999.99 99999.9 99999.9 99999.9
2022 353 15 52    9.26   -5.59   -2.74 99999.9 99999.9 99999.9
2022 353 15 53 9999.99 9999.99 9999.99 99999.9 99999.9 99999.9
2022 353 15 54    9.33   -5.48   -2.74 99999.9 99999.9 99999.9
2022 353 15 55 9999.99 9999.99 9999.99 99999.9 99999.9 99999.9
2022 353 15 56    9.46   -5.46   -2.51 99999.9 99999.9 99999.9
2022 353 15 57    9.44   -5.54   -2.49  -324.1    15.7   -23.4
2022 353 15 58    8.65   -5.38   -3.45  -322.5    14.6   -26.6
2022 353 15 59    8.86   -5.57   -2.90  -317.0    10.5   -38.1
2022 353 16  0    8.90   -5.56   -2.78  -315.8     6.5   -28.7
2022 353 16  1    8.93   -5.58   -2.69  -315.9     6.6   -29.4
2022 353 16  2    8.87   -5.49   -3.11  -316.2     6.0   -30.5
2022 353 16  3    9.01   -5.68   -2.63  -315.8     4.0   -28.3
2022 353 16  4    9.08   -5.62   -2.53 99999.9 99999.9 99999.9
2022 353 16  5    9.06   -5.67   -2.51  -317.9     8.8   -29.5
2022 353 16  6    8.90   -6.09   -2.17  -321.9    12.6   -23.9
2022 353 16  7    8.82   -6.24   -2.35  -317.5     3.1   -27.1
2022 353 16  8    8.93   -5.84   -2.79  -317.1     3.5   -27.9
2022 353 16  9    9.06   -5.75   -2.84  -316.5     4.2   -30.0
2022 353 16 10    8.99   -5.66   -2.94  -316.2     3.3   -31.8
2022 353 16 11    8.95   -5.40   -3.61  -323.3    12.9   -31.6
2022 353 16 12    8.87   -5.20   -3.98  -323.8    12.4   -26.3
2022 353 16 13    9.01   -5.21   -4.02  -323.6    13.8   -34.7
2022 353 16 14    9.04   -5.18   -4.31  -323.5    14.3   -38.4
2022 353 16 15    8.76   -5.13   -4.00 99999.9 99999.9 99999.9
2022 353 16 16    8.87   -5.00   -4.06 99999.9 99999.9 99999.9
2022 353 16 17    8.89   -5.10   -3.96  -318.7     5.7   -27.3
2022 353 16 18    8.83   -5.16   -3.81  -318.7     5.7   -27.3
2022 353 16 19    8.91   -4.95   -4.61  -327.7    16.5   -30.3
2022 353 16 20    8.74   -4.66   -4.82  -326.9    16.5   -32.0
2022 353 16 21    8.50   -4.91   -4.79  -323.6    16.3   -38.7
2022 353 16 22    8.23   -6.31   -3.91  -325.7     9.3   -34.3
2022 353 16 23    8.86   -1.76   -5.82  -325.7     9.3   -34.3
2022 353 16 24    8.34   -6.06   -4.09 99999.9 99999.9 99999.9
2022 353 16 25    8.79   -3.17   -5.12  -337.0    38.9   -21.6
2022 353 16 26    8.35   -5.83   -4.40  -337.0    38.9   -21.6
2022 353 16 27    8.78   -3.52   -5.01  -337.0    38.9   -21.6
2022 353 16 28    8.61   -2.19   -6.07 99999.9 99999.9 99999.9
2022 353 16 29    8.85   -3.36   -4.98 99999.9 99999.9 99999.9
2022 353 16 30 9999.99 9999.99 9999.99 99999.9 99999.9 99999.9
2022 353 16 31    8.88   -3.32   -5.00 99999.9 99999.9 99999.9
2022 353 16 32 9999.99 9999.99 9999.99 99999.9 99999.9 99999.9
2022 353 16 33    9.04   -3.24   -4.68  -326.0    13.7   -36.9
2022 353 16 34    8.62   -5.64   -3.90  -323.5     8.5   -34.3
2022 353 16 35    8.80   -4.53   -4.05  -321.6     5.9   -33.2
2022 353 16 36    8.11   -5.35   -4.75  -327.8     8.6   -39.3
2022 353 16 37    8.45   -4.85   -4.53  -323.8     7.0   -33.9
2022 353 16 38    8.21   -5.46   -4.64  -321.0     4.8   -29.6
2022 353 16 39    8.62   -4.89   -4.13  -329.7    27.6   -18.0
2022 353 16 40    8.52   -5.88   -3.61  -330.6    30.4   -16.6
2022 353 16 41    8.82   -4.57   -3.95  -320.4     4.8   -30.5
2022 353 16 42    8.19   -4.89   -4.89  -326.8    14.1   -38.4
2022 353 16 43    8.55   -4.43   -4.51  -327.0    14.4   -38.7
2022 353 16 44    8.15   -5.29   -4.60  -323.9    11.9   -39.2
2022 353 16 45    8.75   -5.29   -3.73  -323.1    10.6   -36.2
2022 353 16 46    8.75   -6.39   -2.15  -319.2     3.8   -25.0
2022 353 16 47    8.83   -5.50   -3.09  -319.0     1.6   -23.0
2022 353 16 48    8.55   -6.47   -2.26  -320.2    11.5   -29.7
2022 353 16 49    8.74   -4.50   -4.30  -321.8     3.9   -23.7
2022 353 16 50    8.55   -5.70   -3.91  -326.7    14.3   -33.9
2022 353 16 51    8.84   -5.03   -3.19  -334.3    40.9   -15.7
2022 353 16 52    8.49   -5.48   -3.43  -324.0     9.7   -20.1
2022 353 16 53    8.79   -5.37   -2.88  -321.3     1.4   -21.3
2022 353 16 54    8.81   -4.28   -3.04  -343.4    32.4   -30.0
2022 353 16 55    8.62   -6.44   -1.67  -340.0    25.0   -25.0
2022 353 16 56    8.74   -5.50   -2.60  -329.0     7.8   -20.2
2022 353 16 57    8.76   -6.48   -1.32  -323.3     7.7   -26.4
2022 353 16 58    8.65   -6.18   -1.29  -322.4     6.7   -24.1
2022 353 16 59    8.62   -6.41   -0.96  -325.1     3.5    -9.0
2022 353 17  0    8.77   -4.84   -2.88  -338.3    13.0   -10.5
2022 353 17  1    8.95   -4.66   -2.49  -344.2    17.4   -11.7
2022 353 17  2    9.06   -5.46   -2.83 99999.9 99999.9 99999.9
2022 353 17  3    9.22   -4.06   -4.22  -338.5    30.5   -20.8
2022 353 17  4    9.04   -5.14   -3.33  -339.4    28.7   -20.9
2022 353 17  5    9.12   -4.35   -3.17  -341.3    26.1   -21.9
2022 353 17  6    9.41   -4.03   -2.72  -332.3    16.9   -15.8
2022 353 17  7 9999.99 9999.99 9999.99  -332.3    16.9   -15.8
2022 353 17  8    8.76   -5.47   -1.76  -340.3     9.2   -10.5
2022 353 17  9    8.48   -4.55   -3.46  -340.3     9.2   -10.5
2022 353 17 10    8.56   -6.66   -0.60 99999.9 99999.9 99999.9
2022 353 17 11    8.40   -6.21   -2.57  -342.4    10.0    -6.3
2022 353 17 12    8.12   -6.50   -2.53  -342.8    14.1   -10.1
2022 353 17 13    8.28   -4.01   -4.59  -337.7    33.4   -20.7
2022 353 17 14    8.15   -3.91   -5.22  -337.7    33.5   -20.7
2022 353 17 15    8.61   -4.63   -3.41 99999.9 99999.9 99999.9
2022 353 17 16    8.68   -6.40   -0.92 99999.9 99999.9 99999.9
2022 353 17 17    8.41   -5.08   -3.50  -343.2    11.5    -1.3
2022 353 17 18    8.39   -5.31   -2.91  -343.2    11.5    -1.3
2022 353 17 19    8.13   -5.71   -3.64  -343.0     7.3   -12.1
2022 353 17 20    8.35   -5.69   -2.96  -343.0     6.4   -14.4
2022 353 17 21    8.38   -5.19   -2.64  -334.8     5.7     1.5
2022 353 17 22    8.58   -4.50   -4.00  -334.8     5.7     1.5
2022 353 17 23    8.97   -3.13   -5.01  -336.1    20.8   -10.7
2022 353 17 24    8.51   -5.25   -3.66  -336.7    28.4   -16.9
2022 353 17 25    8.15   -3.37   -5.81 99999.9 99999.9 99999.9
2022 353 17 26    7.72   -4.02   -6.20 99999.9 99999.9 99999.9
2022 353 17 27    7.85   -4.31   -6.16  -342.2    20.6   -26.5
2022 353 17 28    8.90   -2.91   -5.34  -342.2    20.8   -26.6
2022 353 17 29    7.92   -3.45   -6.29  -342.5    22.6   -24.4
2022 353 17 30    8.00   -4.55   -5.51  -343.6    17.5   -20.4
2022 353 17 31    7.79   -3.76   -6.24  -343.3    11.8   -13.8
2022 353 17 32    8.03   -3.63   -5.96  -342.7    22.9   -27.6
2022 353 17 33    7.91   -4.42   -5.34  -339.1    28.6   -22.6
2022 353 17 34    8.64   -4.84   -3.85  -335.6    14.8   -12.3
2022 353 17 35    8.33   -4.23   -4.73  -341.1    12.5   -15.5
2022 353 17 36    8.48   -4.44   -4.35  -343.6    19.7   -24.1
2022 353 17 37    8.86   -3.96   -4.09  -342.1    19.0   -16.8
2022 353 17 38    9.15   -4.27   -3.71  -325.1    42.5   -15.0
2022 353 17 39    8.46   -4.84   -4.53  -340.6    17.2   -19.3
2022 353 17 40    8.78   -4.60   -4.29  -338.9    14.7   -20.3
2022 353 17 41    8.35   -3.39   -5.75  -336.5    14.0   -15.3
2022 353 17 42    8.18   -3.96   -5.74  -343.9    24.9   -17.3
2022 353 17 43    8.74   -3.62   -5.17  -341.5    20.8   -25.8
2022 353 17 44    8.48   -3.94   -5.41  -340.3    22.3   -25.5
2022 353 17 45    9.15   -4.22   -4.19  -329.5    36.7   -22.2
2022 353 17 46    8.19   -4.17   -5.70  -329.5    36.7   -22.2
2022 353 17 47    8.64   -5.05   -4.31 99999.9 99999.9 99999.9
2022 353 17 48    8.26   -4.28   -5.34  -338.6    17.4   -11.2
2022 353 17 49    9.15   -4.96   -3.50  -337.3    16.6   -10.2
2022 353 17 50    8.43   -2.86   -5.83  -333.6    14.9    -9.9
2022 353 17 51    8.75   -3.19   -5.16  -340.0    27.3   -25.8
2022 353 17 52    8.73   -3.45   -5.18  -339.9    33.2   -24.6
2022 353 17 53    8.56   -3.58   -5.36  -337.5    37.4   -22.8
2022 353 17 54    8.37   -4.40   -5.21 99999.9 99999.9 99999.9
2022 353 17 55    8.35   -3.79   -5.73  -341.9    21.1   -25.6
2022 353 17 56    8.62   -3.78   -5.32  -339.0    19.0   -18.5
2022 353 17 57    8.21   -2.94   -6.60  -335.7    18.3   -15.9
2022 353 17 58    7.96   -2.51   -7.02  -334.7    24.1   -21.6
2022 353 17 59    8.05   -2.85   -6.63  -343.0    22.9   -27.7
2022 353 18  0    7.83   -3.12   -6.88  -343.0    21.7   -30.9
2022 353 18  1    7.78   -3.25   -6.37  -344.5    23.1   -30.6
2022 353 18  2    8.64   -3.03   -5.66  -345.9    25.7   -26.9
2022 353 18  3    8.22   -3.55   -6.10  -334.2    27.0   -19.2
2022 353 18  4    8.54   -2.97   -5.88  -334.6    26.8   -18.8
2022 353 18  5    8.29   -3.44   -5.79  -336.3    21.6   -10.2
2022 353 18  6    8.65   -3.06   -5.18  -336.9    23.3   -13.2
2022 353 18  7    8.46   -2.48   -4.72  -342.1    13.8   -14.9
2022 353 18  8    8.52   -3.42   -5.30  -339.3    24.0   -20.5
2022 353 18  9    8.57   -3.92   -5.14  -339.3    22.5   -18.5
2022 353 18 10    8.12   -4.62   -5.17  -339.7    22.2   -18.0
2022 353 18 11    8.10   -4.70   -5.13  -340.9    22.0   -18.4
2022 353 18 12    8.22   -3.68   -5.78  -340.6    18.9   -19.2
2022 353 18 13    8.47   -3.00   -5.84  -335.0    31.1   -26.5
2022 353 18 14    7.84   -4.08   -5.94  -333.7    35.7   -27.1
2022 353 18 15    7.88   -4.35   -5.86  -333.7    35.7   -27.1
2022 353 18 16    7.94   -3.52   -6.18 99999.9 99999.9 99999.9
2022 353 18 17    7.86   -4.02   -6.02  -344.7    24.0   -25.1
2022 353 18 18    7.99   -4.46   -5.68  -343.2    21.7   -24.5
2022 353 18 19    8.15   -4.35   -5.61  -337.1    32.6   -27.2
2022 353 18 20    8.17   -4.48   -5.43  -335.5    36.1   -28.0
2022 353 18 21    7.41   -5.24   -5.88  -344.0    15.7   -25.2
2022 353 18 22    7.36   -5.46   -5.85  -343.8    15.1   -25.4
2022 353 18 23    7.86   -4.67   -5.75  -338.4    21.3   -23.2
2022 353 18 24    7.91   -4.72   -5.60  -332.6    34.4   -25.0
2022 353 18 25    7.65   -5.08   -5.51 99999.9 99999.9 99999.9
2022 353 18 26    8.09   -3.73   -6.07  -341.5    19.0   -33.8
2022 353 18 27    7.51   -4.16   -6.54  -341.5    19.0   -33.8
2022 353 18 28    7.85   -4.42   -5.70  -336.9    33.1   -28.2
2022 353 18 29    7.96   -4.93   -4.99  -337.4    16.1   -20.9
2022 353 18 30    7.76   -5.22   -5.21  -337.8     9.2   -18.4
2022 353 18 31    8.01   -5.05   -4.89 99999.9 99999.9 99999.9
2022 353 18 32    7.95   -4.98   -5.10 99999.9 99999.9 99999.9
2022 353 18 33    7.72   -5.53   -4.94  -337.1    25.4   -23.4
2022 353 18 34    7.72   -5.90   -4.56  -336.9    15.9   -16.0
2022 353 18 35    8.12   -4.40   -5.43  -336.2    14.0   -17.2
2022 353 18 36    7.97   -4.61   -5.59  -336.0    18.9   -20.1
2022 353 18 37    8.14   -4.93   -5.08  -335.5    31.5   -27.4
2022 353 18 38    7.62   -5.48   -5.31  -334.7    18.4   -17.2
2022 353 18 39    7.98   -4.60   -5.58  -336.1    15.8   -18.0
2022 353 18 40    8.36   -4.33   -5.27  -336.7    14.9   -18.7
2022 353 18 41    8.44   -4.04   -5.37  -334.0    29.6   -23.9
2022 353 18 42    8.04   -4.76   -5.43  -334.8    23.7   -21.2
2022 353 18 43    7.76   -5.41   -5.13  -337.7    15.7   -19.3
2022 353 18 44    8.13   -4.35   -5.55  -339.2    13.9   -19.8
2022 353 18 45    7.74   -4.94   -5.86 99999.9 99999.9 99999.9
2022 353 18 46    8.38   -3.69   -5.54  -334.9    28.7   -24.1
2022 353 18 47    7.82   -4.79   -5.57  -337.6    22.0   -26.2
2022 353 18 48    7.90   -4.64   -5.53  -336.7    24.6   -26.3
2022 353 18 49    7.54   -5.72   -5.75  -337.4    21.2   -25.8
2022 353 18 50    7.90   -4.88   -5.48  -338.5    17.4   -26.1
2022 353 18 51    7.81   -4.95   -4.94  -343.6     7.5   -19.9
2022 353 18 52    7.13   -5.92   -5.86  -343.6     7.5   -19.9
2022 353 18 53    7.07   -6.35   -5.54 99999.9 99999.9 99999.9
2022 353 18 54    8.22   -3.71   -5.90 99999.9 99999.9 99999.9
2022 353 18 55    8.12   -2.69   -6.83 99999.9 99999.9 99999.9
2022 353 18 56    7.60   -4.52   -6.40  -338.4    21.6   -32.4
2022 353 18 57    8.26   -4.32   -4.81  -338.4    21.6   -32.4
2022 353 18 58    7.10   -6.48   -5.32 99999.9 99999.9 99999.9
2022 353 18 59    7.83   -5.00   -5.24  -341.4    13.2   -23.6
2022 353 19  0    7.26   -6.12   -5.37  -341.4    13.2   -23.6
2022 353 19  1    7.55   -5.33   -5.32  -341.5    16.6   -24.8
2022 353 19  2    8.17   -3.98   -5.34  -341.5    16.6   -24.8
2022 353 19  3    7.29   -6.08   -5.48  -341.7    14.9   -22.7
2022 353 19  4    7.90   -4.12   -5.69  -341.7    14.8   -22.6
2022 353 19  5    8.07   -3.57   -5.97 99999.9 99999.9 99999.9
2022 353 19  6    8.47   -2.36   -6.05 99999.9 99999.9 99999.9
2022 353 19  7    8.85   -1.33   -6.00  -333.8    35.6   -26.9
2022 353 19  8    8.57   -1.95   -6.28  -333.8    35.6   -26.9
2022 353 19  9    8.23   -2.52   -6.61  -333.8    35.6   -26.9
2022 353 19 10 9999.99 9999.99 9999.99 99999.9 99999.9 99999.9
2022 353 19 11 9999.99 9999.99 9999.99 99999.9 99999.9 99999.9
2022 353 19 12    7.83   -3.80   -5.99 99999.9 99999.9 99999.9
2022 353 19 13 9999.99 9999.99 9999.99 99999.9 99999.9 99999.9
2022 353 19 14 9999.99 9999.99 9999.99 99999.9 99999.9 99999.9
2022 353 19 15    7.45   -4.72   -6.27  -337.0    23.5   -22.4
2022 353 19 16 9999.99 9999.99 9999.99  -337.0    23.5   -22.4
2022 353 19 17    7.52   -4.35   -6.47  -337.0    23.5   -22.4
2022 353 19 18    7.75   -3.65   -6.59 99999.9 99999.9 99999.9
2022 353 19 19    7.50   -4.39   -6.40 99999.9 99999.9 99999.9
2022 353 19 20 9999.99 9999.99 9999.99 99999.9 99999.9 99999.9
2022 353 19 21 9999.99 9999.99 9999.99 99999.9 99999.9 99999.9
2022 353 19 22    7.39   -3.91   -6.87  -337.8    25.6   -28.2
2022 353 19 23 9999.99 9999.99 9999.99  -337.8    25.6   -28.2
2022 353 19 24 9999.99 9999.99 9999.99  -337.8    25.6   -28.2
2022 353 19 25 9999.99 9999.99 9999.99 99999.9 99999.9 99999.9
2022 353 19 26 9999.99 9999.99 9999.99 99999.9 99999.9 99999.9
2022 353 19 27    7.57   -4.24   -6.38 99999.9 99999.9 99999.9
2022 353 19 28 9999.99 9999.99 9999.99 99999.9 99999.9 99999.9
2022 353 19 29 9999.99 9999.99 9999.99 99999.9 99999.9 99999.9
2022 353 19 30 9999.99 9999.99 9999.99 99999.9 99999.9 99999.9
2022 353 19 31    7.40   -3.98   -6.83 99999.9 99999.9 99999.9
2022 353 19 32 9999.99 9999.99 9999.99 99999.9 99999.9 99999.9
2022 353 19 33 9999.99 9999.99 9999.99 99999.9 99999.9 99999.9
2022 353 19 34 9999.99 9999.99 9999.99 99999.9 99999.9 99999.9
2022 353 19 35    7.89   -3.47   -6.48 99999.9 99999.9 99999.9
2022 353 19 36 9999.99 9999.99 9999.99 99999.9 99999.9 99999.9
2022 353 19 37 9999.99 9999.99 9999.99 99999.9 99999.9 99999.9
2022 353 19 38    8.05   -3.22   -6.43 99999.9 99999.9 99999.9
2022 353 19 39    7.87   -3.91   -6.36 99999.9 99999.9 99999.9
2022 353 19 40    7.72   -4.50   -6.24  -336.0    17.1   -25.3
2022 353 19 41    6.57   -6.21   -6.12  -336.0    17.1   -25.3
2022 353 19 42    7.23   -5.71   -5.99  -336.0    17.1   -25.3
2022 353 19 43    7.54   -5.34   -5.84 99999.9 99999.9 99999.9
2022 353 19 44    7.11   -5.99   -5.55  -334.9    12.7   -23.4
2022 353 19 45    7.12   -4.33   -6.68  -334.9    12.7   -23.4
2022 353 19 46    7.14   -3.19   -7.30  -340.0    27.1   -29.7
2022 353 19 47    7.10   -3.17   -7.35  -340.0    27.1   -29.7
2022 353 19 48    7.11   -3.12   -7.39  -340.0    27.1   -29.7
2022 353 19 49    8.14   -6.25   -3.43 99999.9 99999.9 99999.9
2022 353 19 50    8.08   -6.51   -3.13 99999.9 99999.9 99999.9
2022 353 19 51 9999.99 9999.99 9999.99 99999.9 99999.9 99999.9
2022 353 19 52    8.38   -5.57   -3.99 99999.9 99999.9 99999.9
2022 353 19 53    8.53   -4.86   -4.55 99999.9 99999.9 99999.9
2022 353 19 54    8.64   -4.43   -4.76  -327.5    24.8   -22.6
2022 353 19 55    8.46   -4.72   -4.95  -327.5    24.8   -22.6
2022 353 19 56    8.31   -5.15   -4.61  -327.5    24.8   -22.6
2022 353 19 57    8.21   -5.05   -4.86 99999.9 99999.9 99999.9
2022 353 19 58    8.43   -5.31   -4.05  -327.2    15.3   -19.8
2022 353 19 59    8.52   -5.78   -3.42  -327.2    15.3   -19.8
2022 353 20  0    8.57   -4.87   -4.60  -327.2    15.3   -19.8
2022 353 20  1    8.59   -4.32   -4.78 99999.9 99999.9 99999.9
2022 353 20  2    8.27   -4.37   -5.07  -333.1    20.6   -21.2
2022 353 20  3    8.20   -4.09   -5.30  -331.2    20.1   -21.2
2022 353 20  4    8.34   -4.10   -5.12  -333.2    21.2   -19.1
2022 353 20  5    8.48   -3.76   -5.22  -334.0    21.4   -20.1
2022 353 20  6    8.46   -3.82   -5.16  -332.5    20.8   -19.8
2022 353 20  7    8.15   -4.43   -5.19  -334.0    19.4   -19.9
2022 353 20  8    8.56   -3.39   -5.45  -334.5    18.9   -20.0
2022 353 20  9    8.43   -3.41   -5.38  -333.0    25.8   -23.5
2022 353 20 10    8.56   -2.68   -5.65  -332.9    25.9   -23.5
2022 353 20 11    8.75   -2.21   -5.80  -331.3    32.3   -25.7
2022 353 20 12    8.69   -1.60   -5.89  -332.6    36.5   -27.6
2022 353 20 13    8.53   -3.27   -5.45  -332.8    37.0   -27.8
2022 353 20 14    8.38   -2.36   -5.76 99999.9 99999.9 99999.9
2022 353 20 15    8.65   -0.69   -6.08  -335.1    29.6   -27.0
2022 353 20 16    8.47   -1.54   -5.93  -333.9    33.3   -27.6
2022 353 20 17    8.21   -3.70   -5.67  -331.8    39.8   -28.8
2022 353 20 18    8.15   -3.47   -6.00  -330.6    19.5   -24.9
2022 353 20 19    8.15   -3.47   -6.01  -330.6    19.5   -24.9
2022 353 20 20 9999.99 9999.99 9999.99  -330.6    19.5   -24.9
2022 353 20 21    8.25   -3.49   -5.79 99999.9 99999.9 99999.9
2022 353 20 22    8.44   -2.95   -6.01 99999.9 99999.9 99999.9
2022 353 20 23 9999.99 9999.99 9999.99 99999.9 99999.9 99999.9
2022 353 20 24    8.61   -3.12   -5.70 99999.9 99999.9 99999.9
2022 353 20 25    8.10   -3.68   -5.89 99999.9 99999.9 99999.9
2022 353 20 26    7.94   -3.58   -6.26 99999.9 99999.9 99999.9
2022 353 20 27    7.97   -3.28   -6.42 99999.9 99999.9 99999.9
2022 353 20 28    7.90   -2.16   -6.95 99999.9 99999.9 99999.9
2022 353 20 29 9999.99 9999.99 9999.99 99999.9 99999.9 99999.9
2022 353 20 30    7.93   -5.50   -4.20 99999.9 99999.9 99999.9
2022 353 20 31    7.69   -6.27   -3.55  -333.4    16.0   -16.8
2022 353 20 32    7.75   -5.85   -4.24  -333.4    16.0   -16.8
2022 353 20 33    7.38   -6.90   -3.31  -336.1     5.8   -16.8
2022 353 20 34    7.38   -6.73   -3.58  -336.1     5.8   -16.8
2022 353 20 35    8.01   -5.44   -4.47 99999.9 99999.9 99999.9
2022 353 20 36    8.11   -5.07   -4.84 99999.9 99999.9 99999.9
2022 353 20 37    7.99   -5.32   -4.43 99999.9 99999.9 99999.9
2022 353 20 38    7.89   -5.42   -4.41 99999.9 99999.9 99999.9
2022 353 20 39 9999.99 9999.99 9999.99 99999.9 99999.9 99999.9
2022 353 20 40    7.76   -4.91   -4.91 99999.9 99999.9 99999.9
2022 353 20 41    7.61   -4.99   -4.90  -333.4    18.5   -25.7
2022 353 20 42    7.85   -5.71   -4.15  -332.5    13.0   -24.7
2022 353 20 43    7.89   -4.33   -5.09  -329.9    -1.9   -22.1
2022 353 20 44    8.21   -5.99   -3.31  -331.1     1.5   -22.6
2022 353 20 45    7.78   -4.16   -5.13  -339.6    26.0   -26.2
2022 353 20 46    7.47   -5.70   -3.70  -339.6    25.8   -26.1
2022 353 20 47    7.23   -7.28   -2.51  -335.7   -19.5    13.8
2022 353 20 48    6.51   -8.28   -1.17  -335.7   -19.5    13.8
2022 353 20 49    6.81   -8.08   -1.14  -338.5    -7.7     2.5
2022 353 20 50    7.05   -7.93   -1.06  -338.5    -7.7     2.5
2022 353 20 51    6.34   -8.47   -1.09 99999.9 99999.9 99999.9
2022 353 20 52    5.55   -8.36   -2.76  -349.8   -28.9   -17.9
2022 353 20 53    6.74   -8.09   -0.94  -349.8   -28.9   -17.9
2022 353 20 54    5.94   -8.08   -2.57  -342.0    -8.0    -1.4
2022 353 20 55    8.01   -6.81   -0.96  -334.6    -4.5     3.3
2022 353 20 56    6.91   -7.68   -0.93  -329.4   -18.9    -4.7
2022 353 20 57    6.27   -8.31   -0.29 99999.9 99999.9 99999.9
2022 353 20 58    6.71   -8.19   -0.43  -335.2     2.5    -2.1
2022 353 20 59    6.08   -8.15   -1.76  -336.0    -0.1    -1.9
2022 353 21  0    6.66   -7.97   -0.92  -338.5    -8.7     0.2
2022 353 21  1    6.19   -8.51   -0.55  -337.9    -7.5     5.5
2022 353 21  2    6.78   -8.01   -0.91  -337.5    -7.3     4.7
2022 353 21  3    6.46   -8.17   -0.99  -333.2    -5.7    -3.2
2022 353 21  4    5.51   -8.74   -1.89  -341.0   -15.9     1.8
2022 353 21  5    5.27   -8.28   -2.65  -346.7   -23.6     5.5
2022 353 21  6    7.33   -7.19   -2.32  -330.0   -11.8     3.3
2022 353 21  7    6.34   -7.97   -1.86  -339.1   -14.1     1.3
2022 353 21  8    4.76   -9.37   -1.08  -356.2   -17.8    -2.4
2022 353 21  9    4.41   -9.67   -0.99  -346.4    -8.9     1.5
2022 353 21 10    4.51   -9.55   -0.98  -347.9   -24.6     5.3
2022 353 21 11    4.75   -9.46   -0.75  -346.5   -13.0     3.5
2022 353 21 12    2.44  -10.63    0.20  -349.6   -18.1     4.7
2022 353 21 13    1.62  -10.81    0.17  -354.9   -22.4     2.8
2022 353 21 14    1.62  -10.81    0.16 99999.9 99999.9 99999.9
2022 353 21 15    1.09  -10.82    0.18 99999.9 99999.9 99999.9
2022 353 21 16    4.99   -9.50   -1.36 99999.9 99999.9 99999.9
2022 353 21 17    4.99   -9.50   -1.37 99999.9 99999.9 99999.9
2022 353 21 18    5.24   -9.30   -0.26  -343.3   -13.2    -1.7
2022 353 21 19    4.95   -9.42   -0.10  -343.3   -13.2    -1.7
2022 353 21 20    5.17   -9.34   -0.46 99999.9 99999.9 99999.9
2022 353 21 21    5.07   -9.43   -0.14  -344.2   -13.8     4.2
2022 353 21 22    4.90   -9.52    0.31  -343.5   -13.8     4.9
2022 353 21 23    4.65   -9.59    0.21  -347.4   -19.6     5.0
2022 353 21 24    4.48   -9.72    0.66  -347.4   -19.6     5.0
2022 353 21 25    4.38   -9.70    0.83 99999.9 99999.9 99999.9
2022 353 21 26 9999.99 9999.99 9999.99 99999.9 99999.9 99999.9
2022 353 21 27    3.65  -10.04    1.20  -355.9    -2.1     9.1
2022 353 21 28    3.17  -10.28    1.68  -355.9    -2.1     9.1
2022 353 21 29    3.76  -10.11    0.52  -354.3    -8.3     9.7
2022 353 21 30    3.64  -10.15    0.72  -350.8   -22.1    11.0
2022 353 21 31 9999.99 9999.99 9999.99  -350.8   -22.1    11.0
2022 353 21 32    3.10  -10.37    0.71 99999.9 99999.9 99999.9
2022 353 21 33    3.08  -10.71    0.92  -349.4   -25.8    10.9
2022 353 21 34    3.17  -10.58    1.07  -349.4   -25.8    10.9
2022 353 21 35    5.32   -8.95   -0.80  -324.8    -9.8   -10.2
2022 353 21 36    4.80   -9.49   -0.29  -337.3    -9.7     1.2
2022 353 21 37    6.81   -8.49   -1.26  -352.7    -9.4    15.3
2022 353 21 38    4.81  -10.09    0.97 99999.9 99999.9 99999.9
2022 353 21 39    5.91   -9.06   -0.76  -335.3   -22.1     4.4
2022 353 21 40    4.05   -9.91    0.66  -335.3   -22.1     4.4
2022 353 21 41    7.79   -7.86   -2.44 99999.9 99999.9 99999.9
2022 353 21 42 9999.99 9999.99 9999.99 99999.9 99999.9 99999.9
2022 353 21 43 9999.99 9999.99 9999.99 99999.9 99999.9 99999.9
2022 353 21 44 9999.99 9999.99 9999.99 99999.9 99999.9 99999.9
2022 353 21 45    8.08   -8.02   -1.12 99999.9 99999.9 99999.9
2022 353 21 46    8.08   -8.02   -1.12 99999.9 99999.9 99999.9
2022 353 21 47 9999.99 9999.99 9999.99 99999.9 99999.9 99999.9
2022 353 21 48    8.21   -7.82   -1.31 99999.9 99999.9 99999.9
2022 353 21 49    8.02   -8.24   -0.70  -320.7   -14.7     1.2
2022 353 21 50    8.11   -8.33   -0.72  -320.7   -14.7     1.2
2022 353 21 51    8.40   -8.14   -1.27  -317.0   -13.3    -1.2
2022 353 21 52    8.71   -8.02   -1.36  -314.8   -14.0    -2.9
2022 353 21 53    8.65   -8.18   -1.16  -314.3   -15.4    -3.6
2022 353 21 54    8.19   -8.68   -1.03  -316.2   -16.5    -0.6
2022 353 21 55    7.77   -8.79   -1.64  -316.3   -16.7    -1.0
2022 353 21 56    7.78   -8.79   -1.50  -318.3   -18.8    -2.3
2022 353 21 57    7.77   -8.78   -1.41  -318.3   -18.8    -2.3
2022 353 21 58    8.05   -8.65   -1.22 99999.9 99999.9 99999.9
2022 353 21 59    7.59   -8.71   -2.22  -318.9   -19.0    -8.6
2022 353 22  0    7.21   -8.55   -3.44  -316.8   -16.0    -4.8
2022 353 22  1    7.70   -8.32   -3.12  -317.1   -19.9    -8.7
2022 353 22  2    7.64   -8.60   -2.73  -317.7   -19.6    -7.6
2022 353 22  3    7.94   -8.52   -2.25  -318.3   -19.1    -6.0
2022 353 22  4    7.85   -8.62   -2.05  -317.1   -18.4    -2.0
2022 353 22  5    8.59   -8.03   -2.11  -317.1   -18.4    -2.0
2022 353 22  6    8.50   -8.36   -1.77 99999.9 99999.9 99999.9
2022 353 22  7    8.47   -8.54   -1.72  -317.9   -13.7    -2.3
2022 353 22  8    8.42   -8.49   -1.68  -318.1   -15.4    -1.8
2022 353 22  9    8.38   -8.62   -1.73  -318.7   -15.4     2.8
2022 353 22 10    8.47   -8.63   -1.89  -318.7   -15.4     2.8
2022 353 22 11    8.31   -8.76   -0.96  -318.7   -15.4     2.8
2022 353 22 12    8.00   -9.01   -0.69  -317.2   -16.1    -0.2
2022 353 22 13    7.84   -9.26   -0.23  -317.3   -16.2    -0.0
2022 353 22 14    8.03   -9.12   -0.08  -319.6   -18.6     3.8
2022 353 22 15    8.17   -8.99    0.13  -319.6   -18.6     3.8
2022 353 22 16    8.10   -9.04   -0.08 99999.9 99999.9 99999.9
2022 353 22 17    7.97   -9.07    0.19  -320.9   -18.2     3.7
2022 353 22 18    7.83   -9.04   -0.06  -319.0   -17.4     4.8
2022 353 22 19    7.79   -9.06   -0.26  -317.4   -17.0     4.7
2022 353 22 20    7.80   -9.08   -0.47  -315.5   -16.7     4.3
2022 353 22 21    8.23   -8.63   -0.42  -315.4   -15.9     5.4
2022 353 22 22    7.62   -9.20   -0.61  -314.5   -15.1     7.9
2022 353 22 23    7.36   -9.57   -1.11  -319.7   -16.8     3.1
2022 353 22 24    7.14   -9.76   -1.31  -321.0   -18.0     1.5
2022 353 22 25    7.06   -9.76   -1.52  -321.9   -19.4     0.0
2022 353 22 26    7.10   -9.65   -1.59  -321.9   -19.4     0.0
2022 353 22 27    7.15   -9.59   -1.64 99999.9 99999.9 99999.9
2022 353 22 28    7.30   -9.60   -1.44  -320.4   -20.3    -1.6
2022 353 22 29    7.12   -9.75   -1.72  -320.4   -20.3    -1.6
2022 353 22 30    7.02   -9.76   -2.05  -321.7   -19.4    -4.2
2022 353 22 31    6.79   -9.98   -1.72  -322.0   -19.7    -3.9
2022 353 22 32    6.67  -10.14   -1.50  -322.9   -20.5    -2.6
2022 353 22 33    6.75  -10.16   -1.36  -323.6   -20.5     0.1
2022 353 22 34    7.66   -9.46   -0.28  -321.3   -17.9     3.2
2022 353 22 35    7.66   -9.44   -0.00  -319.5   -15.9     5.7
2022 353 22 36    7.85   -9.35    0.41  -319.1   -16.5     7.3
2022 353 22 37    7.85   -9.31    0.65  -319.0   -15.9     8.0
2022 353 22 38    7.33   -9.87   -0.61  -319.1   -14.5     8.6
2022 353 22 39    7.10  -10.04   -1.02  -321.9   -14.8     5.2
2022 353 22 40    7.16   -9.93   -0.95  -321.8   -15.0     4.6
2022 353 22 41    7.16   -9.92   -0.55  -321.6   -15.1     4.5
2022 353 22 42    6.97  -10.09   -0.92  -322.6   -15.2     5.0
2022 353 22 43    6.99  -10.08   -0.80  -322.6   -15.2     5.0
2022 353 22 44    7.05  -10.07   -0.92  -322.0   -13.6     7.1
2022 353 22 45    6.92  -10.16   -1.49  -322.0   -13.6     7.1
2022 353 22 46    7.28   -9.89   -0.24  -320.3   -12.3    11.9
2022 353 22 47    7.17   -9.92    0.83  -320.4   -11.7    14.2
2022 353 22 48    7.31   -9.74   -0.66  -322.3   -11.0    17.0
2022 353 22 49    7.48   -9.53   -0.92 99999.9 99999.9 99999.9
2022 353 22 50    7.48   -9.58   -0.77 99999.9 99999.9 99999.9
2022 353 22 51    7.23   -9.84   -0.52  -321.0   -12.8     8.4
2022 353 22 52    7.28   -9.81   -0.71  -322.4   -14.0     8.6
2022 353 22 53    7.61   -9.61   -0.68  -324.4   -15.5     8.9
2022 353 22 54    7.52   -9.60   -1.13 99999.9 99999.9 99999.9
2022 353 22 55    7.46   -9.68   -0.90  -320.1   -13.5     5.0
2022 353 22 56    7.46   -9.69   -0.86  -320.1   -13.5     5.0
2022 353 22 57    7.49   -9.65   -0.77  -320.9   -13.4     7.1
2022 353 22 58    7.49   -9.70   -0.78  -320.9   -13.4     7.1
2022 353 22 59    7.47   -9.72   -0.68  -321.2   -13.3     6.5
2022 353 23  0    7.57   -9.65   -0.39  -321.2   -13.3     6.8
2022 353 23  1    7.54   -9.64   -0.58  -321.3   -13.2     9.4
2022 353 23  2    7.55   -9.63   -0.71  -321.3   -13.2     9.4
2022 353 23  3    7.59   -9.65   -0.81  -321.1   -12.8     9.3
2022 353 23  4    7.71   -9.53   -0.77  -321.1   -12.8     9.3
2022 353 23  5    7.77   -9.48   -0.67  -319.8   -10.1    10.3
2022 353 23  6    7.76   -9.48   -0.62  -319.8   -10.1    10.3
2022 353 23  7    7.67   -9.52   -0.76  -320.6   -12.8     9.8
2022 353 23  8    7.78   -9.46   -0.68  -320.7   -13.0     9.8
2022 353 23  9    7.51   -9.51   -0.74  -318.3   -15.2     6.2
2022 353 23 10    7.93   -9.08    0.23  -312.1   -22.8     5.5
2022 353 23 11    8.05   -8.91    0.58  -309.3   -24.7     6.0
2022 353 23 12    8.28   -8.63    0.91  -308.5   -21.9     7.8
2022 353 23 13    8.37   -8.60    0.59  -306.1   -19.4     7.8
2022 353 23 14    7.87   -8.82   -0.26  -299.9    -5.2     8.7
2022 353 23 15    6.48   -9.82   -2.07  -304.5   -18.1    10.9
2022 353 23 16    5.22  -10.66   -2.04  -321.6   -35.2    -7.4
2022 353 23 17    4.34  -11.24   -1.92  -322.8   -41.5    -7.8
2022 353 23 18    4.48  -11.29   -1.41  -334.1   -49.3   -17.8
2022 353 23 19    3.65  -11.57   -2.25  -333.6   -40.7   -15.6
2022 353 23 20 9999.99 9999.99 9999.99 99999.9 99999.9 99999.9
2022 353 23 21    3.34  -11.46   -3.06 99999.9 99999.9 99999.9
2022 353 23 22    3.79  -11.41   -2.44 99999.9 99999.9 99999.9
2022 353 23 23    5.38  -10.94   -1.07  -324.2   -25.3    -2.5
2022 353 23 24    4.53  -11.34   -1.40  -328.8   -33.0    -4.8
2022 353 23 25    4.70  -11.24   -1.89  -332.6   -39.4    -6.7
2022 353 23 26    4.27  -11.40   -1.44  -337.0   -38.4   -22.4
2022 353 23 27 9999.99 9999.99 9999.99  -337.0   -38.4   -22.4
2022 353 23 28    3.97  -11.67   -0.78 99999.9 99999.9 99999.9
2022 353 23 29    3.37  -11.79   -0.78 99999.9 99999.9 99999.9
2022 353 23 30 9999.99 9999.99 9999.99 99999.9 99999.9 99999.9
2022 353 23 31    2.90  -11.93   -0.79 99999.9 99999.9 99999.9
2022 353 23 32 9999.99 9999.99 9999.99 99999.9 99999.9 99999.9
2022 353 23 33    7.00   -9.97   -1.36 99999.9 99999.9 99999.9
2022 353 23 34    6.66  -10.11   -1.94  -316.2   -45.4   -20.2
2022 353 23 35    6.42  -10.46   -1.27  -316.2   -45.4   -20.2
2022 353 23 36    6.86  -10.20   -0.89 99999.9 99999.9 99999.9
2022 353 23 37    7.01  -10.20   -0.94  -317.5   -28.0   -13.0
2022 353 23 38    6.78  -10.40   -1.13  -317.7   -28.2   -12.8
2022 353 23 39    6.77  -10.39   -1.19 99999.9 99999.9 99999.9
2022 353 23 40    6.46  -10.63   -1.03  -321.2   -24.3   -14.6
2022 353 23 41    6.41  -10.61   -1.52  -321.3   -25.3   -15.2
2022 353 23 42    6.34  -10.66   -1.78  -321.4   -27.7   -16.6
2022 353 23 43    6.35  -10.60   -1.95  -321.4   -27.7   -16.6
2022 353 23 44    6.23  -10.92   -1.13 99999.9 99999.9 99999.9
2022 353 23 45    6.64  -10.64   -0.31  -328.3   -10.7   -16.7
2022 353 23 46    6.92  -10.60   -0.58  -329.0   -10.0   -16.6
2022 353 23 47    7.37  -10.10   -1.73  -330.4    -9.7   -22.2
2022 353 23 48    7.19  -10.35   -1.36  -330.0   -11.1   -21.9
2022 353 23 49    7.22  -10.33   -1.35  -328.7   -16.0   -20.8
2022 353 23 50    7.35  -10.34   -1.40  -328.8   -13.5   -23.1
2022 353 23 51    7.27  -10.47   -1.35  -328.8   -13.5   -23.1
2022 353 23 52    7.24  -10.50   -1.28  -328.4   -21.5   -19.3
2022 353 23 53    7.37  -10.44   -1.19  -329.1   -14.8   -20.9
2022 353 23 54    7.39  -10.43   -0.99  -328.4   -12.7   -21.0
2022 353 23 55    7.18  -10.55   -1.19  -325.8   -23.1   -17.5
2022 353 23 56    6.92  -10.78   -1.08  -327.5   -20.0   -19.9
2022 353 23 57    7.01  -10.79   -0.99  -332.3   -11.4   -21.7
2022 353 23 58    7.22  -10.66   -1.03  -334.0   -15.9   -19.7
2022 353 23 59    7.73  -10.25   -1.32  -332.7   -18.8   -18.3
